2023/12/28 16:31:50.624638  info [log.go:98 Infof] info ....
2023/12/28 16:31:50.625149 debug [log.go:94 Debugf] debuf ....
2023/12/28 16:31:50.625149 warni [log.go:102 Warnf] warn ....
2023/12/28 16:31:50.625149 error [log.go:106 Errorf] error ....
2023/12/28 16:31:50.625149  info [log.go:121 Info] add route GET/taurus/diagnoise/status
2023/12/28 16:31:50.625661  info [log.go:121 Info] add route GET/taurus/diagnoise/version
2023/12/28 16:31:53.634455  info [log.go:98 Infof] info ....
2023/12/28 16:31:53.634674 debug [log.go:94 Debugf] debuf ....
2023/12/28 16:31:53.634674 warni [log.go:102 Warnf] warn ....
2023/12/28 16:31:53.634674 error [log.go:106 Errorf] error ....
2023/12/28 16:31:56.636440  info [log.go:98 Infof] info ....
2023/12/28 16:31:56.637182 debug [log.go:94 Debugf] debuf ....
2023/12/28 16:31:56.637182 warni [log.go:102 Warnf] warn ....
2023/12/28 16:31:56.637182 error [log.go:106 Errorf] error ....
2023/12/28 16:31:59.648174  info [log.go:98 Infof] info ....
2023/12/28 16:31:59.648366 debug [log.go:94 Debugf] debuf ....
2023/12/28 16:31:59.648366 warni [log.go:102 Warnf] warn ....
2023/12/28 16:31:59.648366 error [log.go:106 Errorf] error ....
2023/12/28 16:32:02.663056  info [log.go:98 Infof] info ....
2023/12/28 16:32:02.663158 debug [log.go:94 Debugf] debuf ....
2023/12/28 16:32:02.663158 warni [log.go:102 Warnf] warn ....
2023/12/28 16:32:02.663158 error [log.go:106 Errorf] error ....
2023/12/28 16:32:05.672302  info [log.go:98 Infof] info ....
2023/12/28 16:32:05.672432 debug [log.go:94 Debugf] debuf ....
2023/12/28 16:32:05.672432 warni [log.go:102 Warnf] warn ....
2023/12/28 16:32:05.672432 error [log.go:106 Errorf] error ....
2023/12/28 16:32:08.676165  info [log.go:98 Infof] info ....
2023/12/28 16:32:08.676246 debug [log.go:94 Debugf] debuf ....
2023/12/28 16:32:08.676246 warni [log.go:102 Warnf] warn ....
2023/12/28 16:32:08.676246 error [log.go:106 Errorf] error ....
2023/12/28 16:32:11.688513  info [log.go:98 Infof] info ....
2023/12/28 16:32:11.688513 debug [log.go:94 Debugf] debuf ....
2023/12/28 16:32:11.688513 warni [log.go:102 Warnf] warn ....
2023/12/28 16:32:11.688513 error [log.go:106 Errorf] error ....
2023/12/28 16:32:14.695886  info [log.go:98 Infof] info ....
2023/12/28 16:32:14.696021 debug [log.go:94 Debugf] debuf ....
2023/12/28 16:32:14.696021 warni [log.go:102 Warnf] warn ....
2023/12/28 16:32:14.696021 error [log.go:106 Errorf] error ....
2023/12/28 16:32:17.699186  info [log.go:98 Infof] info ....
2023/12/28 16:32:17.699186 debug [log.go:94 Debugf] debuf ....
2023/12/28 16:32:17.699186 warni [log.go:102 Warnf] warn ....
2023/12/28 16:32:17.699186 error [log.go:106 Errorf] error ....
2023/12/28 16:32:20.713556  info [log.go:98 Infof] info ....
2023/12/28 16:32:20.713556 debug [log.go:94 Debugf] debuf ....
2023/12/28 16:32:20.713556 warni [log.go:102 Warnf] warn ....
2023/12/28 16:32:20.713556 error [log.go:106 Errorf] error ....
2023/12/28 16:32:23.714140  info [log.go:98 Infof] info ....
2023/12/28 16:32:23.714140 debug [log.go:94 Debugf] debuf ....
2023/12/28 16:32:23.714140 warni [log.go:102 Warnf] warn ....
2023/12/28 16:32:23.714140 error [log.go:106 Errorf] error ....
2023/12/28 16:32:26.726872  info [log.go:98 Infof] info ....
2023/12/28 16:32:26.726872 debug [log.go:94 Debugf] debuf ....
2023/12/28 16:32:26.726872 warni [log.go:102 Warnf] warn ....
2023/12/28 16:32:26.726872 error [log.go:106 Errorf] error ....
2023/12/28 16:32:29.727218  info [log.go:98 Infof] info ....
2023/12/28 16:32:29.727355 debug [log.go:94 Debugf] debuf ....
2023/12/28 16:32:29.727355 warni [log.go:102 Warnf] warn ....
2023/12/28 16:32:29.727355 error [log.go:106 Errorf] error ....
2023/12/28 16:32:32.733614  info [log.go:98 Infof] info ....
2023/12/28 16:32:32.733787 debug [log.go:94 Debugf] debuf ....
2023/12/28 16:32:32.733787 warni [log.go:102 Warnf] warn ....
2023/12/28 16:32:32.733787 error [log.go:106 Errorf] error ....
2023/12/28 16:32:35.743020  info [log.go:98 Infof] info ....
2023/12/28 16:32:35.743264 debug [log.go:94 Debugf] debuf ....
2023/12/28 16:32:35.743264 warni [log.go:102 Warnf] warn ....
2023/12/28 16:32:35.743330 error [log.go:106 Errorf] error ....
2023/12/28 16:32:38.755839  info [log.go:98 Infof] info ....
2023/12/28 16:32:38.755999 debug [log.go:94 Debugf] debuf ....
2023/12/28 16:32:38.755999 warni [log.go:102 Warnf] warn ....
2023/12/28 16:32:38.755999 error [log.go:106 Errorf] error ....
2023/12/28 16:32:41.758845  info [log.go:98 Infof] info ....
2023/12/28 16:32:41.758974 debug [log.go:94 Debugf] debuf ....
2023/12/28 16:32:41.758974 warni [log.go:102 Warnf] warn ....
2023/12/28 16:32:41.758974 error [log.go:106 Errorf] error ....
2023/12/28 16:32:44.766635  info [log.go:98 Infof] info ....
2023/12/28 16:32:44.766988 debug [log.go:94 Debugf] debuf ....
2023/12/28 16:32:44.766988 warni [log.go:102 Warnf] warn ....
2023/12/28 16:32:44.766988 error [log.go:106 Errorf] error ....
2023/12/28 16:32:47.773590  info [log.go:98 Infof] info ....
2023/12/28 16:32:47.773826 debug [log.go:94 Debugf] debuf ....
2023/12/28 16:32:47.773826 warni [log.go:102 Warnf] warn ....
2023/12/28 16:32:47.773826 error [log.go:106 Errorf] error ....
2023/12/28 16:32:50.777959  info [log.go:98 Infof] info ....
2023/12/28 16:32:50.777959 debug [log.go:94 Debugf] debuf ....
2023/12/28 16:32:50.777959 warni [log.go:102 Warnf] warn ....
2023/12/28 16:32:50.777959 error [log.go:106 Errorf] error ....
2023/12/28 16:32:53.785677  info [log.go:98 Infof] info ....
2023/12/28 16:32:53.785879 debug [log.go:94 Debugf] debuf ....
2023/12/28 16:32:53.785879 warni [log.go:102 Warnf] warn ....
2023/12/28 16:32:53.785879 error [log.go:106 Errorf] error ....
2023/12/28 16:32:56.799174  info [log.go:98 Infof] info ....
2023/12/28 16:32:56.799255 debug [log.go:94 Debugf] debuf ....
2023/12/28 16:32:56.799255 warni [log.go:102 Warnf] warn ....
2023/12/28 16:32:56.799255 error [log.go:106 Errorf] error ....
2023/12/28 16:32:59.799702  info [log.go:98 Infof] info ....
2023/12/28 16:32:59.799888 debug [log.go:94 Debugf] debuf ....
2023/12/28 16:32:59.799888 warni [log.go:102 Warnf] warn ....
2023/12/28 16:32:59.799888 error [log.go:106 Errorf] error ....
2023/12/28 16:33:02.810707  info [log.go:98 Infof] info ....
2023/12/28 16:33:02.810869 debug [log.go:94 Debugf] debuf ....
2023/12/28 16:33:02.810869 warni [log.go:102 Warnf] warn ....
2023/12/28 16:33:02.810869 error [log.go:106 Errorf] error ....
2023/12/28 16:33:05.818791  info [log.go:98 Infof] info ....
2023/12/28 16:33:05.818918 debug [log.go:94 Debugf] debuf ....
2023/12/28 16:33:05.818918 warni [log.go:102 Warnf] warn ....
2023/12/28 16:33:05.818918 error [log.go:106 Errorf] error ....
2023/12/28 16:33:08.829121  info [log.go:98 Infof] info ....
2023/12/28 16:33:08.829121 debug [log.go:94 Debugf] debuf ....
2023/12/28 16:33:08.829121 warni [log.go:102 Warnf] warn ....
2023/12/28 16:33:08.829121 error [log.go:106 Errorf] error ....
2023/12/28 16:33:11.843804  info [log.go:98 Infof] info ....
2023/12/28 16:33:11.843804 debug [log.go:94 Debugf] debuf ....
2023/12/28 16:33:11.843968 warni [log.go:102 Warnf] warn ....
2023/12/28 16:33:11.843968 error [log.go:106 Errorf] error ....
2023/12/28 16:33:14.844186  info [log.go:98 Infof] info ....
2023/12/28 16:33:14.844186 debug [log.go:94 Debugf] debuf ....
2023/12/28 16:33:14.844186 warni [log.go:102 Warnf] warn ....
2023/12/28 16:33:14.844186 error [log.go:106 Errorf] error ....
2023/12/28 16:33:17.846909  info [log.go:98 Infof] info ....
2023/12/28 16:33:17.847092 debug [log.go:94 Debugf] debuf ....
2023/12/28 16:33:17.847092 warni [log.go:102 Warnf] warn ....
2023/12/28 16:33:17.847092 error [log.go:106 Errorf] error ....
2023/12/28 16:33:20.848386  info [log.go:98 Infof] info ....
2023/12/28 16:33:20.848522 debug [log.go:94 Debugf] debuf ....
2023/12/28 16:33:20.848522 warni [log.go:102 Warnf] warn ....
2023/12/28 16:33:20.848522 error [log.go:106 Errorf] error ....
2023/12/28 16:33:23.852488  info [log.go:98 Infof] info ....
2023/12/28 16:33:23.852488 debug [log.go:94 Debugf] debuf ....
2023/12/28 16:33:23.852488 warni [log.go:102 Warnf] warn ....
2023/12/28 16:33:23.852488 error [log.go:106 Errorf] error ....
2023/12/28 16:33:26.861152  info [log.go:98 Infof] info ....
2023/12/28 16:33:26.861335 debug [log.go:94 Debugf] debuf ....
2023/12/28 16:33:26.861335 warni [log.go:102 Warnf] warn ....
2023/12/28 16:33:26.861335 error [log.go:106 Errorf] error ....
2023/12/28 16:33:29.870491  info [log.go:98 Infof] info ....
2023/12/28 16:33:29.870663 debug [log.go:94 Debugf] debuf ....
2023/12/28 16:33:29.870663 warni [log.go:102 Warnf] warn ....
2023/12/28 16:33:29.870663 error [log.go:106 Errorf] error ....
2023/12/28 16:40:08.330091  info [log.go:98 Infof] info ....
2023/12/28 16:40:08.330594 debug [log.go:94 Debugf] debuf ....
2023/12/28 16:40:08.330604 warni [log.go:102 Warnf] warn ....
2023/12/28 16:40:08.330604 error [log.go:106 Errorf] error ....
2023/12/28 16:40:08.330604  info [log.go:121 Info] add route POST/taurus/diagnoise/setLevel
2023/12/28 16:40:08.330604  info [log.go:121 Info] add route GET/taurus/diagnoise/status
2023/12/28 16:40:08.330604  info [log.go:121 Info] add route GET/taurus/diagnoise/version
2023/12/28 16:42:39.128997  info [log.go:98 Infof] info ....
2023/12/28 16:42:39.129537 debug [log.go:94 Debugf] debuf ....
2023/12/28 16:42:39.129537 warni [log.go:102 Warnf] warn ....
2023/12/28 16:42:39.129537 error [log.go:106 Errorf] error ....
2023/12/28 16:42:39.130049  info [log.go:121 Info] add route POST/taurus/diagnoise/setLevel
2023/12/28 16:42:39.130049  info [log.go:121 Info] add route GET/taurus/diagnoise/status
2023/12/28 16:42:39.130049  info [log.go:121 Info] add route GET/taurus/diagnoise/version
2023/12/28 16:42:42.135228  info [log.go:98 Infof] info ....
2023/12/28 16:42:42.135465 debug [log.go:94 Debugf] debuf ....
2023/12/28 16:42:42.135465 warni [log.go:102 Warnf] warn ....
2023/12/28 16:42:42.135465 error [log.go:106 Errorf] error ....
2023/12/28 16:42:45.148003  info [log.go:98 Infof] info ....
2023/12/28 16:42:45.148160 debug [log.go:94 Debugf] debuf ....
2023/12/28 16:42:45.148160 warni [log.go:102 Warnf] warn ....
2023/12/28 16:42:45.148160 error [log.go:106 Errorf] error ....
2023/12/28 16:42:48.162054  info [log.go:98 Infof] info ....
2023/12/28 16:42:48.162054 debug [log.go:94 Debugf] debuf ....
2023/12/28 16:42:48.162054 warni [log.go:102 Warnf] warn ....
2023/12/28 16:42:48.162054 error [log.go:106 Errorf] error ....
2023/12/28 16:42:51.169723  info [log.go:98 Infof] info ....
2023/12/28 16:42:51.169723 debug [log.go:94 Debugf] debuf ....
2023/12/28 16:42:51.169723 warni [log.go:102 Warnf] warn ....
2023/12/28 16:42:51.169723 error [log.go:106 Errorf] error ....
2023/12/28 16:42:54.183103  info [log.go:98 Infof] info ....
2023/12/28 16:42:54.183103 debug [log.go:94 Debugf] debuf ....
2023/12/28 16:42:54.183103 warni [log.go:102 Warnf] warn ....
2023/12/28 16:42:54.183103 error [log.go:106 Errorf] error ....
2023/12/28 16:42:57.195614  info [log.go:98 Infof] info ....
2023/12/28 16:42:57.195614 debug [log.go:94 Debugf] debuf ....
2023/12/28 16:42:57.195614 warni [log.go:102 Warnf] warn ....
2023/12/28 16:42:57.195614 error [log.go:106 Errorf] error ....
2023/12/28 16:43:00.207973  info [log.go:98 Infof] info ....
2023/12/28 16:43:00.208151 debug [log.go:94 Debugf] debuf ....
2023/12/28 16:43:00.208151 warni [log.go:102 Warnf] warn ....
2023/12/28 16:43:00.208151 error [log.go:106 Errorf] error ....
2023/12/28 16:43:03.218583  info [log.go:98 Infof] info ....
2023/12/28 16:43:03.218583 debug [log.go:94 Debugf] debuf ....
2023/12/28 16:43:03.218583 warni [log.go:102 Warnf] warn ....
2023/12/28 16:43:03.218583 error [log.go:106 Errorf] error ....
2023/12/28 16:43:06.225833  info [log.go:98 Infof] info ....
2023/12/28 16:43:06.226103 debug [log.go:94 Debugf] debuf ....
2023/12/28 16:43:06.226103 warni [log.go:102 Warnf] warn ....
2023/12/28 16:43:06.226103 error [log.go:106 Errorf] error ....
2023/12/28 16:43:09.228135  info [log.go:98 Infof] info ....
2023/12/28 16:43:09.228233 debug [log.go:94 Debugf] debuf ....
2023/12/28 16:43:09.228233 warni [log.go:102 Warnf] warn ....
2023/12/28 16:43:09.228233 error [log.go:106 Errorf] error ....
2023/12/28 16:43:12.231663  info [log.go:98 Infof] info ....
2023/12/28 16:43:12.231789 debug [log.go:94 Debugf] debuf ....
2023/12/28 16:43:12.231789 warni [log.go:102 Warnf] warn ....
2023/12/28 16:43:12.231789 error [log.go:106 Errorf] error ....
2023/12/28 16:43:15.245167  info [log.go:98 Infof] info ....
2023/12/28 16:43:15.245309 debug [log.go:94 Debugf] debuf ....
2023/12/28 16:43:15.245309 warni [log.go:102 Warnf] warn ....
2023/12/28 16:43:15.245309 error [log.go:106 Errorf] error ....
2023/12/28 16:43:18.249683  info [log.go:98 Infof] info ....
2023/12/28 16:43:18.249853 debug [log.go:94 Debugf] debuf ....
2023/12/28 16:43:18.249853 warni [log.go:102 Warnf] warn ....
2023/12/28 16:43:18.249853 error [log.go:106 Errorf] error ....
2023/12/28 16:43:21.254817  info [log.go:98 Infof] info ....
2023/12/28 16:43:21.254996 debug [log.go:94 Debugf] debuf ....
2023/12/28 16:43:21.254996 warni [log.go:102 Warnf] warn ....
2023/12/28 16:43:21.254996 error [log.go:106 Errorf] error ....
2023/12/28 16:43:24.263839  info [log.go:98 Infof] info ....
2023/12/28 16:43:24.263839 debug [log.go:94 Debugf] debuf ....
2023/12/28 16:43:24.263839 warni [log.go:102 Warnf] warn ....
2023/12/28 16:43:24.263839 error [log.go:106 Errorf] error ....
2023/12/28 16:43:27.270982  info [log.go:98 Infof] info ....
2023/12/28 16:43:27.270982 debug [log.go:94 Debugf] debuf ....
2023/12/28 16:43:27.271269 warni [log.go:102 Warnf] warn ....
2023/12/28 16:43:27.271298 error [log.go:106 Errorf] error ....
2023/12/28 16:43:30.278358  info [log.go:98 Infof] info ....
2023/12/28 16:43:30.278580 debug [log.go:94 Debugf] debuf ....
2023/12/28 16:43:30.278580 warni [log.go:102 Warnf] warn ....
2023/12/28 16:43:30.278580 error [log.go:106 Errorf] error ....
2023/12/28 16:43:33.294282  info [log.go:98 Infof] info ....
2023/12/28 16:43:33.294472 debug [log.go:94 Debugf] debuf ....
2023/12/28 16:43:33.294472 warni [log.go:102 Warnf] warn ....
2023/12/28 16:43:33.294472 error [log.go:106 Errorf] error ....
2023/12/28 16:43:36.304692  info [log.go:98 Infof] info ....
2023/12/28 16:43:36.304864 debug [log.go:94 Debugf] debuf ....
2023/12/28 16:43:36.304864 warni [log.go:102 Warnf] warn ....
2023/12/28 16:43:36.304864 error [log.go:106 Errorf] error ....
2023/12/28 16:43:39.314287  info [log.go:98 Infof] info ....
2023/12/28 16:43:39.314550 debug [log.go:94 Debugf] debuf ....
2023/12/28 16:43:39.314629 warni [log.go:102 Warnf] warn ....
2023/12/28 16:43:39.314629 error [log.go:106 Errorf] error ....
2023/12/28 16:43:42.320588  info [log.go:98 Infof] info ....
2023/12/28 16:43:42.320766 debug [log.go:94 Debugf] debuf ....
2023/12/28 16:43:42.320766 warni [log.go:102 Warnf] warn ....
2023/12/28 16:43:42.320766 error [log.go:106 Errorf] error ....
2023/12/28 16:43:45.331190  info [log.go:98 Infof] info ....
2023/12/28 16:43:45.331307 debug [log.go:94 Debugf] debuf ....
2023/12/28 16:43:45.331307 warni [log.go:102 Warnf] warn ....
2023/12/28 16:43:45.331307 error [log.go:106 Errorf] error ....
2023/12/28 16:43:48.344651  info [log.go:98 Infof] info ....
2023/12/28 16:43:48.344651 debug [log.go:94 Debugf] debuf ....
2023/12/28 16:43:48.344651 warni [log.go:102 Warnf] warn ....
2023/12/28 16:43:48.344651 error [log.go:106 Errorf] error ....
2023/12/28 16:43:51.356125  info [log.go:98 Infof] info ....
2023/12/28 16:43:51.356125 debug [log.go:94 Debugf] debuf ....
2023/12/28 16:43:51.356125 warni [log.go:102 Warnf] warn ....
2023/12/28 16:43:51.356125 error [log.go:106 Errorf] error ....
2023/12/28 16:43:54.364842  info [log.go:98 Infof] info ....
2023/12/28 16:43:54.364992 debug [log.go:94 Debugf] debuf ....
2023/12/28 16:43:54.364992 warni [log.go:102 Warnf] warn ....
2023/12/28 16:43:54.364992 error [log.go:106 Errorf] error ....
2023/12/28 16:43:57.371642  info [log.go:98 Infof] info ....
2023/12/28 16:43:57.371642 debug [log.go:94 Debugf] debuf ....
2023/12/28 16:43:57.371642 warni [log.go:102 Warnf] warn ....
2023/12/28 16:43:57.371642 error [log.go:106 Errorf] error ....
2023/12/28 16:44:00.380995  info [log.go:98 Infof] info ....
2023/12/28 16:44:00.380995 debug [log.go:94 Debugf] debuf ....
2023/12/28 16:44:00.380995 warni [log.go:102 Warnf] warn ....
2023/12/28 16:44:00.380995 error [log.go:106 Errorf] error ....
2023/12/28 16:44:03.385314  info [log.go:98 Infof] info ....
2023/12/28 16:44:03.385473 debug [log.go:94 Debugf] debuf ....
2023/12/28 16:44:03.385473 warni [log.go:102 Warnf] warn ....
2023/12/28 16:44:03.385473 error [log.go:106 Errorf] error ....
2023/12/28 16:44:06.396195  info [log.go:98 Infof] info ....
2023/12/28 16:44:06.396424 debug [log.go:94 Debugf] debuf ....
2023/12/28 16:44:06.396424 warni [log.go:102 Warnf] warn ....
2023/12/28 16:44:06.396424 error [log.go:106 Errorf] error ....
2023/12/28 16:44:09.406281  info [log.go:98 Infof] info ....
2023/12/28 16:44:09.406281 debug [log.go:94 Debugf] debuf ....
2023/12/28 16:44:09.406455 warni [log.go:102 Warnf] warn ....
2023/12/28 16:44:09.406455 error [log.go:106 Errorf] error ....
2023/12/28 16:44:12.414208  info [log.go:98 Infof] info ....
2023/12/28 16:44:12.414406 debug [log.go:94 Debugf] debuf ....
2023/12/28 16:44:12.414406 warni [log.go:102 Warnf] warn ....
2023/12/28 16:44:12.414406 error [log.go:106 Errorf] error ....
2023/12/28 16:44:15.425307  info [log.go:98 Infof] info ....
2023/12/28 16:44:15.425307 debug [log.go:94 Debugf] debuf ....
2023/12/28 16:44:15.425307 warni [log.go:102 Warnf] warn ....
2023/12/28 16:44:15.425307 error [log.go:106 Errorf] error ....
2023/12/28 16:44:18.440251  info [log.go:98 Infof] info ....
2023/12/28 16:44:18.440368 debug [log.go:94 Debugf] debuf ....
2023/12/28 16:44:18.440368 warni [log.go:102 Warnf] warn ....
2023/12/28 16:44:18.440368 error [log.go:106 Errorf] error ....
2023/12/28 16:44:21.452970  info [log.go:98 Infof] info ....
2023/12/28 16:44:21.452970 debug [log.go:94 Debugf] debuf ....
2023/12/28 16:44:21.452970 warni [log.go:102 Warnf] warn ....
2023/12/28 16:44:21.452970 error [log.go:106 Errorf] error ....
2023/12/28 16:44:24.457962  info [log.go:98 Infof] info ....
2023/12/28 16:44:24.458143 debug [log.go:94 Debugf] debuf ....
2023/12/28 16:44:24.458143 warni [log.go:102 Warnf] warn ....
2023/12/28 16:44:24.458143 error [log.go:106 Errorf] error ....
2023/12/28 16:44:27.462326  info [log.go:98 Infof] info ....
2023/12/28 16:44:27.462511 debug [log.go:94 Debugf] debuf ....
2023/12/28 16:44:27.462511 warni [log.go:102 Warnf] warn ....
2023/12/28 16:44:27.462511 error [log.go:106 Errorf] error ....
2023/12/28 16:44:30.466158  info [log.go:98 Infof] info ....
2023/12/28 16:44:30.466584 debug [log.go:94 Debugf] debuf ....
2023/12/28 16:44:30.466584 warni [log.go:102 Warnf] warn ....
2023/12/28 16:44:30.466584 error [log.go:106 Errorf] error ....
2023/12/28 16:44:33.476918  info [log.go:98 Infof] info ....
2023/12/28 16:44:33.477057 debug [log.go:94 Debugf] debuf ....
2023/12/28 16:44:33.477057 warni [log.go:102 Warnf] warn ....
2023/12/28 16:44:33.477057 error [log.go:106 Errorf] error ....
2023/12/28 16:44:36.488944  info [log.go:98 Infof] info ....
2023/12/28 16:44:36.488944 debug [log.go:94 Debugf] debuf ....
2023/12/28 16:44:36.488944 warni [log.go:102 Warnf] warn ....
2023/12/28 16:44:36.488944 error [log.go:106 Errorf] error ....
2023/12/28 16:44:39.495000  info [log.go:98 Infof] info ....
2023/12/28 16:44:39.495168 debug [log.go:94 Debugf] debuf ....
2023/12/28 16:44:39.495168 warni [log.go:102 Warnf] warn ....
2023/12/28 16:44:39.495168 error [log.go:106 Errorf] error ....
2023/12/28 16:44:42.509696  info [log.go:98 Infof] info ....
2023/12/28 16:44:42.509893 debug [log.go:94 Debugf] debuf ....
2023/12/28 16:44:42.509893 warni [log.go:102 Warnf] warn ....
2023/12/28 16:44:42.509893 error [log.go:106 Errorf] error ....
2023/12/28 16:44:45.511459  info [log.go:98 Infof] info ....
2023/12/28 16:44:45.511459 debug [log.go:94 Debugf] debuf ....
2023/12/28 16:44:45.511459 warni [log.go:102 Warnf] warn ....
2023/12/28 16:44:45.511459 error [log.go:106 Errorf] error ....
2023/12/28 16:44:48.514728  info [log.go:98 Infof] info ....
2023/12/28 16:44:48.514728 debug [log.go:94 Debugf] debuf ....
2023/12/28 16:44:48.514728 warni [log.go:102 Warnf] warn ....
2023/12/28 16:44:48.514728 error [log.go:106 Errorf] error ....
2023/12/28 16:44:51.526017  info [log.go:98 Infof] info ....
2023/12/28 16:44:51.526197 debug [log.go:94 Debugf] debuf ....
2023/12/28 16:44:51.526197 warni [log.go:102 Warnf] warn ....
2023/12/28 16:44:51.526197 error [log.go:106 Errorf] error ....
2023/12/28 16:44:54.530085  info [log.go:98 Infof] info ....
2023/12/28 16:44:54.530085 debug [log.go:94 Debugf] debuf ....
2023/12/28 16:44:54.530085 warni [log.go:102 Warnf] warn ....
2023/12/28 16:44:54.530085 error [log.go:106 Errorf] error ....
2023/12/28 16:44:57.533784  info [log.go:98 Infof] info ....
2023/12/28 16:44:57.533784 debug [log.go:94 Debugf] debuf ....
2023/12/28 16:44:57.533784 warni [log.go:102 Warnf] warn ....
2023/12/28 16:44:57.533784 error [log.go:106 Errorf] error ....
2023/12/28 16:45:00.545178  info [log.go:98 Infof] info ....
2023/12/28 16:45:00.545178 debug [log.go:94 Debugf] debuf ....
2023/12/28 16:45:00.545178 warni [log.go:102 Warnf] warn ....
2023/12/28 16:45:00.545178 error [log.go:106 Errorf] error ....
2023/12/28 16:45:03.556440  info [log.go:98 Infof] info ....
2023/12/28 16:45:03.556440 debug [log.go:94 Debugf] debuf ....
2023/12/28 16:45:03.556440 warni [log.go:102 Warnf] warn ....
2023/12/28 16:45:03.556440 error [log.go:106 Errorf] error ....
2023/12/28 16:45:06.565836  info [log.go:98 Infof] info ....
2023/12/28 16:45:06.566110 debug [log.go:94 Debugf] debuf ....
2023/12/28 16:45:06.566110 warni [log.go:102 Warnf] warn ....
2023/12/28 16:45:06.566110 error [log.go:106 Errorf] error ....
2023/12/28 16:45:09.578627  info [log.go:98 Infof] info ....
2023/12/28 16:45:09.578627 debug [log.go:94 Debugf] debuf ....
2023/12/28 16:45:09.578627 warni [log.go:102 Warnf] warn ....
2023/12/28 16:45:09.578627 error [log.go:106 Errorf] error ....
2023/12/28 16:45:12.592455  info [log.go:98 Infof] info ....
2023/12/28 16:45:12.592557 debug [log.go:94 Debugf] debuf ....
2023/12/28 16:45:12.592557 warni [log.go:102 Warnf] warn ....
2023/12/28 16:45:12.592557 error [log.go:106 Errorf] error ....
2023/12/28 16:45:15.605766  info [log.go:98 Infof] info ....
2023/12/28 16:45:15.605842 debug [log.go:94 Debugf] debuf ....
2023/12/28 16:45:15.605842 warni [log.go:102 Warnf] warn ....
2023/12/28 16:45:15.605842 error [log.go:106 Errorf] error ....
2023/12/28 16:45:18.619718  info [log.go:98 Infof] info ....
2023/12/28 16:45:18.619718 debug [log.go:94 Debugf] debuf ....
2023/12/28 16:45:18.619718 warni [log.go:102 Warnf] warn ....
2023/12/28 16:45:18.619718 error [log.go:106 Errorf] error ....
2023/12/28 16:45:21.627233  info [log.go:98 Infof] info ....
2023/12/28 16:45:21.627358 debug [log.go:94 Debugf] debuf ....
2023/12/28 16:45:21.627358 warni [log.go:102 Warnf] warn ....
2023/12/28 16:45:21.627358 error [log.go:106 Errorf] error ....
2023/12/28 16:45:24.642245  info [log.go:98 Infof] info ....
2023/12/28 16:45:24.642245 debug [log.go:94 Debugf] debuf ....
2023/12/28 16:45:24.642245 warni [log.go:102 Warnf] warn ....
2023/12/28 16:45:24.642245 error [log.go:106 Errorf] error ....
2023/12/28 16:45:27.408908 error [log.go:129 Error] json: cannot unmarshal string into Go struct field PostStruct.level of type int
2023/12/28 16:45:27.643403  info [log.go:98 Infof] info ....
2023/12/28 16:45:27.643681 debug [log.go:94 Debugf] debuf ....
2023/12/28 16:45:27.643681 warni [log.go:102 Warnf] warn ....
2023/12/28 16:45:27.643681 error [log.go:106 Errorf] error ....
2023/12/28 16:45:30.649992  info [log.go:98 Infof] info ....
2023/12/28 16:45:30.650076 debug [log.go:94 Debugf] debuf ....
2023/12/28 16:45:30.650076 warni [log.go:102 Warnf] warn ....
2023/12/28 16:45:30.650076 error [log.go:106 Errorf] error ....
2023/12/28 16:45:33.651145  info [log.go:98 Infof] info ....
2023/12/28 16:45:33.651283 debug [log.go:94 Debugf] debuf ....
2023/12/28 16:45:33.651283 warni [log.go:102 Warnf] warn ....
2023/12/28 16:45:33.651283 error [log.go:106 Errorf] error ....
2023/12/28 16:45:36.657724  info [log.go:98 Infof] info ....
2023/12/28 16:45:36.657905 debug [log.go:94 Debugf] debuf ....
2023/12/28 16:45:36.657905 warni [log.go:102 Warnf] warn ....
2023/12/28 16:45:36.657905 error [log.go:106 Errorf] error ....
2023/12/28 16:45:39.668824  info [log.go:98 Infof] info ....
2023/12/28 16:45:39.668824 debug [log.go:94 Debugf] debuf ....
2023/12/28 16:45:39.668824 warni [log.go:102 Warnf] warn ....
2023/12/28 16:45:39.668824 error [log.go:106 Errorf] error ....
2023/12/28 16:45:42.680875  info [log.go:98 Infof] info ....
2023/12/28 16:45:42.681058 debug [log.go:94 Debugf] debuf ....
2023/12/28 16:45:42.681058 warni [log.go:102 Warnf] warn ....
2023/12/28 16:45:42.681058 error [log.go:106 Errorf] error ....
2023/12/28 16:45:45.688917  info [log.go:98 Infof] info ....
2023/12/28 16:45:45.689110 debug [log.go:94 Debugf] debuf ....
2023/12/28 16:45:45.689110 warni [log.go:102 Warnf] warn ....
2023/12/28 16:45:45.689110 error [log.go:106 Errorf] error ....
2023/12/28 16:45:48.692946  info [log.go:98 Infof] info ....
2023/12/28 16:45:48.692946 debug [log.go:94 Debugf] debuf ....
2023/12/28 16:45:48.692946 warni [log.go:102 Warnf] warn ....
2023/12/28 16:45:48.692946 error [log.go:106 Errorf] error ....
2023/12/28 16:45:51.700206  info [log.go:98 Infof] info ....
2023/12/28 16:45:51.700348 debug [log.go:94 Debugf] debuf ....
2023/12/28 16:45:51.700348 warni [log.go:102 Warnf] warn ....
2023/12/28 16:45:51.700348 error [log.go:106 Errorf] error ....
2023/12/28 16:45:54.702035  info [log.go:98 Infof] info ....
2023/12/28 16:45:54.702035 debug [log.go:94 Debugf] debuf ....
2023/12/28 16:45:54.702035 warni [log.go:102 Warnf] warn ....
2023/12/28 16:45:54.702035 error [log.go:106 Errorf] error ....
2023/12/28 16:45:57.716376  info [log.go:98 Infof] info ....
2023/12/28 16:45:57.716376 debug [log.go:94 Debugf] debuf ....
2023/12/28 16:45:57.716376 warni [log.go:102 Warnf] warn ....
2023/12/28 16:45:57.716376 error [log.go:106 Errorf] error ....
2023/12/28 16:46:00.717525  info [log.go:98 Infof] info ....
2023/12/28 16:46:00.717632 debug [log.go:94 Debugf] debuf ....
2023/12/28 16:46:00.717632 warni [log.go:102 Warnf] warn ....
2023/12/28 16:46:00.717632 error [log.go:106 Errorf] error ....
2023/12/28 16:46:03.731912  info [log.go:98 Infof] info ....
2023/12/28 16:46:03.731912 debug [log.go:94 Debugf] debuf ....
2023/12/28 16:46:03.731912 warni [log.go:102 Warnf] warn ....
2023/12/28 16:46:03.731912 error [log.go:106 Errorf] error ....
2023/12/28 16:46:06.745803  info [log.go:98 Infof] info ....
2023/12/28 16:46:06.745803 debug [log.go:94 Debugf] debuf ....
2023/12/28 16:46:06.745803 warni [log.go:102 Warnf] warn ....
2023/12/28 16:46:06.745803 error [log.go:106 Errorf] error ....
2023/12/28 16:46:08.919915  info [log.go:98 Infof] set level 1
2023/12/28 16:46:09.753730  info [log.go:98 Infof] info ....
2023/12/28 16:46:09.753831 debug [log.go:94 Debugf] debuf ....
2023/12/28 16:46:09.753831 warni [log.go:102 Warnf] warn ....
2023/12/28 16:46:09.753831 error [log.go:106 Errorf] error ....
2023/12/28 16:46:12.754758  info [log.go:98 Infof] info ....
2023/12/28 16:46:12.754758 debug [log.go:94 Debugf] debuf ....
2023/12/28 16:46:12.754758 warni [log.go:102 Warnf] warn ....
2023/12/28 16:46:12.754758 error [log.go:106 Errorf] error ....
2023/12/28 16:46:15.767018  info [log.go:98 Infof] info ....
2023/12/28 16:46:15.767018 debug [log.go:94 Debugf] debuf ....
2023/12/28 16:46:15.767018 warni [log.go:102 Warnf] warn ....
2023/12/28 16:46:15.767018 error [log.go:106 Errorf] error ....
2023/12/28 16:46:18.772489  info [log.go:98 Infof] info ....
2023/12/28 16:46:18.772733 debug [log.go:94 Debugf] debuf ....
2023/12/28 16:46:18.772733 warni [log.go:102 Warnf] warn ....
2023/12/28 16:46:18.772733 error [log.go:106 Errorf] error ....
2023/12/28 16:46:21.786189  info [log.go:98 Infof] info ....
2023/12/28 16:46:21.786189 debug [log.go:94 Debugf] debuf ....
2023/12/28 16:46:21.786189 warni [log.go:102 Warnf] warn ....
2023/12/28 16:46:21.786189 error [log.go:106 Errorf] error ....
2023/12/28 16:46:24.787550  info [log.go:98 Infof] info ....
2023/12/28 16:46:24.787787 debug [log.go:94 Debugf] debuf ....
2023/12/28 16:46:24.787823 warni [log.go:102 Warnf] warn ....
2023/12/28 16:46:24.787823 error [log.go:106 Errorf] error ....
2023/12/28 16:46:27.801940  info [log.go:98 Infof] info ....
2023/12/28 16:46:27.801940 debug [log.go:94 Debugf] debuf ....
2023/12/28 16:46:27.801940 warni [log.go:102 Warnf] warn ....
2023/12/28 16:46:27.801940 error [log.go:106 Errorf] error ....
2023/12/28 16:46:30.810251  info [log.go:98 Infof] info ....
2023/12/28 16:46:30.810251 debug [log.go:94 Debugf] debuf ....
2023/12/28 16:46:30.810458 warni [log.go:102 Warnf] warn ....
2023/12/28 16:46:30.810458 error [log.go:106 Errorf] error ....
2023/12/28 16:46:33.811255  info [log.go:98 Infof] info ....
2023/12/28 16:46:33.811255 debug [log.go:94 Debugf] debuf ....
2023/12/28 16:46:33.811255 warni [log.go:102 Warnf] warn ....
2023/12/28 16:46:33.811255 error [log.go:106 Errorf] error ....
2023/12/28 16:46:36.821228  info [log.go:98 Infof] info ....
2023/12/28 16:46:36.821228 debug [log.go:94 Debugf] debuf ....
2023/12/28 16:46:36.821416 warni [log.go:102 Warnf] warn ....
2023/12/28 16:46:36.821416 error [log.go:106 Errorf] error ....
2023/12/28 16:46:39.821901  info [log.go:98 Infof] info ....
2023/12/28 16:46:39.821901 debug [log.go:94 Debugf] debuf ....
2023/12/28 16:46:39.821901 warni [log.go:102 Warnf] warn ....
2023/12/28 16:46:39.821901 error [log.go:106 Errorf] error ....
2023/12/28 16:46:42.834915  info [log.go:98 Infof] info ....
2023/12/28 16:46:42.835024 debug [log.go:94 Debugf] debuf ....
2023/12/28 16:46:42.835024 warni [log.go:102 Warnf] warn ....
2023/12/28 16:46:42.835024 error [log.go:106 Errorf] error ....
2023/12/28 16:46:45.835967  info [log.go:98 Infof] info ....
2023/12/28 16:46:45.835967 debug [log.go:94 Debugf] debuf ....
2023/12/28 16:46:45.835967 warni [log.go:102 Warnf] warn ....
2023/12/28 16:46:45.835967 error [log.go:106 Errorf] error ....
2023/12/28 16:46:48.838704  info [log.go:98 Infof] info ....
2023/12/28 16:46:48.838704 debug [log.go:94 Debugf] debuf ....
2023/12/28 16:46:48.838704 warni [log.go:102 Warnf] warn ....
2023/12/28 16:46:48.838704 error [log.go:106 Errorf] error ....
2023/12/28 16:46:51.841691  info [log.go:98 Infof] info ....
2023/12/28 16:46:51.841691 debug [log.go:94 Debugf] debuf ....
2023/12/28 16:46:51.841691 warni [log.go:102 Warnf] warn ....
2023/12/28 16:46:51.841691 error [log.go:106 Errorf] error ....
2023/12/28 16:46:54.851605  info [log.go:98 Infof] info ....
2023/12/28 16:46:54.851605 debug [log.go:94 Debugf] debuf ....
2023/12/28 16:46:54.851605 warni [log.go:102 Warnf] warn ....
2023/12/28 16:46:54.851605 error [log.go:106 Errorf] error ....
2023/12/28 16:46:57.853400  info [log.go:98 Infof] info ....
2023/12/28 16:46:57.853400 debug [log.go:94 Debugf] debuf ....
2023/12/28 16:46:57.853400 warni [log.go:102 Warnf] warn ....
2023/12/28 16:46:57.853400 error [log.go:106 Errorf] error ....
2023/12/28 16:47:00.856789  info [log.go:98 Infof] info ....
2023/12/28 16:47:00.856789 debug [log.go:94 Debugf] debuf ....
2023/12/28 16:47:00.856789 warni [log.go:102 Warnf] warn ....
2023/12/28 16:47:00.856789 error [log.go:106 Errorf] error ....
2023/12/28 16:47:03.866460  info [log.go:98 Infof] info ....
2023/12/28 16:47:03.866460 debug [log.go:94 Debugf] debuf ....
2023/12/28 16:47:03.866644 warni [log.go:102 Warnf] warn ....
2023/12/28 16:47:03.866644 error [log.go:106 Errorf] error ....
2023/12/28 16:47:06.878105  info [log.go:98 Infof] info ....
2023/12/28 16:47:06.878105 debug [log.go:94 Debugf] debuf ....
2023/12/28 16:47:06.878105 warni [log.go:102 Warnf] warn ....
2023/12/28 16:47:06.878105 error [log.go:106 Errorf] error ....
2023/12/28 16:47:09.883085  info [log.go:98 Infof] info ....
2023/12/28 16:47:09.883323 debug [log.go:94 Debugf] debuf ....
2023/12/28 16:47:09.883323 warni [log.go:102 Warnf] warn ....
2023/12/28 16:47:09.883323 error [log.go:106 Errorf] error ....
2023/12/28 16:47:12.892020  info [log.go:98 Infof] info ....
2023/12/28 16:47:12.892020 debug [log.go:94 Debugf] debuf ....
2023/12/28 16:47:12.892020 warni [log.go:102 Warnf] warn ....
2023/12/28 16:47:12.892020 error [log.go:106 Errorf] error ....
2023/12/28 16:47:15.892961  info [log.go:98 Infof] info ....
2023/12/28 16:47:15.892961 debug [log.go:94 Debugf] debuf ....
2023/12/28 16:47:15.892961 warni [log.go:102 Warnf] warn ....
2023/12/28 16:47:15.892961 error [log.go:106 Errorf] error ....
2023/12/28 16:47:18.900204  info [log.go:98 Infof] info ....
2023/12/28 16:47:18.900204 debug [log.go:94 Debugf] debuf ....
2023/12/28 16:47:18.900204 warni [log.go:102 Warnf] warn ....
2023/12/28 16:47:18.900204 error [log.go:106 Errorf] error ....
2023/12/28 16:47:21.906540  info [log.go:98 Infof] info ....
2023/12/28 16:47:21.906540 debug [log.go:94 Debugf] debuf ....
2023/12/28 16:47:21.906540 warni [log.go:102 Warnf] warn ....
2023/12/28 16:47:21.906540 error [log.go:106 Errorf] error ....
2023/12/28 16:47:24.913031  info [log.go:98 Infof] info ....
2023/12/28 16:47:24.913031 debug [log.go:94 Debugf] debuf ....
2023/12/28 16:47:24.913031 warni [log.go:102 Warnf] warn ....
2023/12/28 16:47:24.913031 error [log.go:106 Errorf] error ....
2023/12/28 16:47:27.920852  info [log.go:98 Infof] info ....
2023/12/28 16:47:27.920852 debug [log.go:94 Debugf] debuf ....
2023/12/28 16:47:27.920852 warni [log.go:102 Warnf] warn ....
2023/12/28 16:47:27.920852 error [log.go:106 Errorf] error ....
2023/12/28 16:47:30.923775  info [log.go:98 Infof] info ....
2023/12/28 16:47:30.923775 debug [log.go:94 Debugf] debuf ....
2023/12/28 16:47:30.923775 warni [log.go:102 Warnf] warn ....
2023/12/28 16:47:30.923775 error [log.go:106 Errorf] error ....
2023/12/28 16:47:33.925548  info [log.go:98 Infof] info ....
2023/12/28 16:47:33.925548 debug [log.go:94 Debugf] debuf ....
2023/12/28 16:47:33.925548 warni [log.go:102 Warnf] warn ....
2023/12/28 16:47:33.925548 error [log.go:106 Errorf] error ....
2023/12/28 16:47:36.926261  info [log.go:98 Infof] info ....
2023/12/28 16:47:36.926261 debug [log.go:94 Debugf] debuf ....
2023/12/28 16:47:36.926261 warni [log.go:102 Warnf] warn ....
2023/12/28 16:47:36.926261 error [log.go:106 Errorf] error ....
2023/12/28 16:47:39.933564  info [log.go:98 Infof] info ....
2023/12/28 16:47:39.933742 debug [log.go:94 Debugf] debuf ....
2023/12/28 16:47:39.933742 warni [log.go:102 Warnf] warn ....
2023/12/28 16:47:39.933742 error [log.go:106 Errorf] error ....
2023/12/28 16:47:42.936422  info [log.go:98 Infof] info ....
2023/12/28 16:47:42.936422 debug [log.go:94 Debugf] debuf ....
2023/12/28 16:47:42.936422 warni [log.go:102 Warnf] warn ....
2023/12/28 16:47:42.936422 error [log.go:106 Errorf] error ....
2023/12/28 16:47:45.944503  info [log.go:98 Infof] info ....
2023/12/28 16:47:45.944503 debug [log.go:94 Debugf] debuf ....
2023/12/28 16:47:45.944503 warni [log.go:102 Warnf] warn ....
2023/12/28 16:47:45.944503 error [log.go:106 Errorf] error ....
2023/12/28 16:47:48.947789  info [log.go:98 Infof] info ....
2023/12/28 16:47:48.947789 debug [log.go:94 Debugf] debuf ....
2023/12/28 16:47:48.947789 warni [log.go:102 Warnf] warn ....
2023/12/28 16:47:48.947789 error [log.go:106 Errorf] error ....
2023/12/28 16:47:51.959154  info [log.go:98 Infof] info ....
2023/12/28 16:47:51.959341 debug [log.go:94 Debugf] debuf ....
2023/12/28 16:47:51.959341 warni [log.go:102 Warnf] warn ....
2023/12/28 16:47:51.959341 error [log.go:106 Errorf] error ....
2023/12/28 16:47:54.965876  info [log.go:98 Infof] info ....
2023/12/28 16:47:54.965876 debug [log.go:94 Debugf] debuf ....
2023/12/28 16:47:54.965876 warni [log.go:102 Warnf] warn ....
2023/12/28 16:47:54.965876 error [log.go:106 Errorf] error ....
2023/12/28 16:47:57.966311  info [log.go:98 Infof] info ....
2023/12/28 16:47:57.966311 debug [log.go:94 Debugf] debuf ....
2023/12/28 16:47:57.966311 warni [log.go:102 Warnf] warn ....
2023/12/28 16:47:57.966311 error [log.go:106 Errorf] error ....
2023/12/28 16:48:00.969714  info [log.go:98 Infof] info ....
2023/12/28 16:48:00.969714 debug [log.go:94 Debugf] debuf ....
2023/12/28 16:48:00.969714 warni [log.go:102 Warnf] warn ....
2023/12/28 16:48:00.969714 error [log.go:106 Errorf] error ....
2023/12/28 16:48:03.974463  info [log.go:98 Infof] info ....
2023/12/28 16:48:03.974591 debug [log.go:94 Debugf] debuf ....
2023/12/28 16:48:03.974591 warni [log.go:102 Warnf] warn ....
2023/12/28 16:48:03.974591 error [log.go:106 Errorf] error ....
2023/12/28 16:48:06.983523  info [log.go:98 Infof] info ....
2023/12/28 16:48:06.983523 debug [log.go:94 Debugf] debuf ....
2023/12/28 16:48:06.983523 warni [log.go:102 Warnf] warn ....
2023/12/28 16:48:06.983523 error [log.go:106 Errorf] error ....
2023/12/28 16:48:09.990486  info [log.go:98 Infof] info ....
2023/12/28 16:48:09.990486 debug [log.go:94 Debugf] debuf ....
2023/12/28 16:48:09.990486 warni [log.go:102 Warnf] warn ....
2023/12/28 16:48:09.990486 error [log.go:106 Errorf] error ....
2023/12/28 16:48:13.002833  info [log.go:98 Infof] info ....
2023/12/28 16:48:13.002833 debug [log.go:94 Debugf] debuf ....
2023/12/28 16:48:13.002969 warni [log.go:102 Warnf] warn ....
2023/12/28 16:48:13.002969 error [log.go:106 Errorf] error ....
2023/12/28 16:48:16.122216  info [log.go:98 Infof] info ....
2023/12/28 16:48:16.122729 debug [log.go:94 Debugf] debuf ....
2023/12/28 16:48:16.122729 warni [log.go:102 Warnf] warn ....
2023/12/28 16:48:16.122729 error [log.go:106 Errorf] error ....
2023/12/28 16:48:16.123242  info [log.go:121 Info] add route POST/taurus/diagnoise/setLevel
2023/12/28 16:48:16.123242  info [log.go:121 Info] add route GET/taurus/diagnoise/status
2023/12/28 16:48:16.123242  info [log.go:121 Info] add route GET/taurus/diagnoise/version
2023/12/28 16:48:19.130202  info [log.go:98 Infof] info ....
2023/12/28 16:48:19.130202 debug [log.go:94 Debugf] debuf ....
2023/12/28 16:48:19.130404 warni [log.go:102 Warnf] warn ....
2023/12/28 16:48:19.130404 error [log.go:106 Errorf] error ....
2023/12/28 16:48:21.930230  info [log.go:98 Infof] set level 1
2023/12/28 16:48:22.134867  info [log.go:98 Infof] info ....
2023/12/28 16:48:22.135047 debug [log.go:94 Debugf] debuf ....
2023/12/28 16:48:22.135047 warni [log.go:102 Warnf] warn ....
2023/12/28 16:48:22.135047 error [log.go:106 Errorf] error ....
2023/12/28 16:48:25.137309  info [log.go:98 Infof] info ....
2023/12/28 16:48:25.137434 debug [log.go:94 Debugf] debuf ....
2023/12/28 16:48:25.137434 warni [log.go:102 Warnf] warn ....
2023/12/28 16:48:25.137434 error [log.go:106 Errorf] error ....
2023/12/28 16:48:28.140082  info [log.go:98 Infof] info ....
2023/12/28 16:48:28.140198 debug [log.go:94 Debugf] debuf ....
2023/12/28 16:48:28.140198 warni [log.go:102 Warnf] warn ....
2023/12/28 16:48:28.140198 error [log.go:106 Errorf] error ....
2023/12/28 16:48:31.143420  info [log.go:98 Infof] info ....
2023/12/28 16:48:31.143520 debug [log.go:94 Debugf] debuf ....
2023/12/28 16:48:31.143520 warni [log.go:102 Warnf] warn ....
2023/12/28 16:48:31.143520 error [log.go:106 Errorf] error ....
2023/12/28 16:48:34.144219  info [log.go:98 Infof] info ....
2023/12/28 16:48:34.144310 debug [log.go:94 Debugf] debuf ....
2023/12/28 16:48:34.144310 warni [log.go:102 Warnf] warn ....
2023/12/28 16:48:34.144310 error [log.go:106 Errorf] error ....
2023/12/28 16:48:37.159368  info [log.go:98 Infof] info ....
2023/12/28 16:48:37.159368 debug [log.go:94 Debugf] debuf ....
2023/12/28 16:48:37.159368 warni [log.go:102 Warnf] warn ....
2023/12/28 16:48:37.159368 error [log.go:106 Errorf] error ....
2023/12/28 16:48:40.167843  info [log.go:98 Infof] info ....
2023/12/28 16:48:40.167843 debug [log.go:94 Debugf] debuf ....
2023/12/28 16:48:40.167843 warni [log.go:102 Warnf] warn ....
2023/12/28 16:48:40.167843 error [log.go:106 Errorf] error ....
2023/12/28 16:48:43.172128  info [log.go:98 Infof] info ....
2023/12/28 16:48:43.172128 debug [log.go:94 Debugf] debuf ....
2023/12/28 16:48:43.172128 warni [log.go:102 Warnf] warn ....
2023/12/28 16:48:43.172128 error [log.go:106 Errorf] error ....
2023/12/28 16:48:46.173446  info [log.go:98 Infof] info ....
2023/12/28 16:48:46.173446 debug [log.go:94 Debugf] debuf ....
2023/12/28 16:48:46.173446 warni [log.go:102 Warnf] warn ....
2023/12/28 16:48:46.173446 error [log.go:106 Errorf] error ....
2023/12/28 16:48:48.529222  info [log.go:98 Infof] info ....
2023/12/28 16:48:48.529222 debug [log.go:94 Debugf] debuf ....
2023/12/28 16:48:48.529222 warni [log.go:102 Warnf] warn ....
2023/12/28 16:48:48.529222 error [log.go:106 Errorf] error ....
2023/12/28 16:48:48.530256  info [log.go:121 Info] add route POST/taurus/diagnoise/setLevel
2023/12/28 16:48:48.530256  info [log.go:121 Info] add route GET/taurus/diagnoise/status
2023/12/28 16:48:48.530256  info [log.go:121 Info] add route GET/taurus/diagnoise/version
2023/12/28 16:48:49.859601  info [log.go:98 Infof] set level 1
2023/12/28 16:48:51.529543  info [log.go:98 Infof] info ....
2023/12/28 16:48:51.529665 debug [log.go:94 Debugf] debuf ....
2023/12/28 16:48:51.529665 warni [log.go:102 Warnf] warn ....
2023/12/28 16:48:51.529665 error [log.go:106 Errorf] error ....
2023/12/28 16:48:54.541838  info [log.go:98 Infof] info ....
2023/12/28 16:48:54.541838 debug [log.go:94 Debugf] debuf ....
2023/12/28 16:48:54.541838 warni [log.go:102 Warnf] warn ....
2023/12/28 16:48:54.541838 error [log.go:106 Errorf] error ....
2023/12/28 16:48:57.555406  info [log.go:98 Infof] info ....
2023/12/28 16:48:57.555579 debug [log.go:94 Debugf] debuf ....
2023/12/28 16:48:57.555579 warni [log.go:102 Warnf] warn ....
2023/12/28 16:48:57.555579 error [log.go:106 Errorf] error ....
2023/12/28 16:49:00.557991  info [log.go:98 Infof] info ....
2023/12/28 16:49:00.557991 debug [log.go:94 Debugf] debuf ....
2023/12/28 16:49:00.557991 warni [log.go:102 Warnf] warn ....
2023/12/28 16:49:00.557991 error [log.go:106 Errorf] error ....
2023/12/28 16:49:03.566413  info [log.go:98 Infof] info ....
2023/12/28 16:49:03.566598 debug [log.go:94 Debugf] debuf ....
2023/12/28 16:49:03.566598 warni [log.go:102 Warnf] warn ....
2023/12/28 16:49:03.566598 error [log.go:106 Errorf] error ....
2023/12/28 16:49:06.574943  info [log.go:98 Infof] info ....
2023/12/28 16:49:06.575024 debug [log.go:94 Debugf] debuf ....
2023/12/28 16:49:06.575024 warni [log.go:102 Warnf] warn ....
2023/12/28 16:49:06.575024 error [log.go:106 Errorf] error ....
2023/12/28 16:49:09.586205  info [log.go:98 Infof] info ....
2023/12/28 16:49:09.586383 debug [log.go:94 Debugf] debuf ....
2023/12/28 16:49:09.586383 warni [log.go:102 Warnf] warn ....
2023/12/28 16:49:09.586383 error [log.go:106 Errorf] error ....
2023/12/28 16:49:12.238436  info [log.go:98 Infof] info ....
2023/12/28 16:49:12.238436 debug [log.go:94 Debugf] debuf ....
2023/12/28 16:49:12.238436 warni [log.go:102 Warnf] warn ....
2023/12/28 16:49:12.238436 error [log.go:106 Errorf] error ....
2023/12/28 16:49:12.239972  info [log.go:121 Info] add route POST/taurus/diagnoise/setLevel
2023/12/28 16:49:12.239972  info [log.go:121 Info] add route GET/taurus/diagnoise/status
2023/12/28 16:49:12.239972  info [log.go:121 Info] add route GET/taurus/diagnoise/version
2023/12/28 16:49:13.881188  info [log.go:98 Infof] set level 1
2023/12/28 16:49:15.249178  info [log.go:98 Infof] info ....
2023/12/28 16:49:15.249178 debug [log.go:94 Debugf] debuf ....
2023/12/28 16:49:15.249178 warni [log.go:102 Warnf] warn ....
2023/12/28 16:49:15.249178 error [log.go:106 Errorf] error ....
2023/12/28 16:49:18.259279  info [log.go:98 Infof] info ....
2023/12/28 16:49:18.259485 debug [log.go:94 Debugf] debuf ....
2023/12/28 16:49:18.259485 warni [log.go:102 Warnf] warn ....
2023/12/28 16:49:18.259485 error [log.go:106 Errorf] error ....
2023/12/28 16:49:21.266741  info [log.go:98 Infof] info ....
2023/12/28 16:49:21.266903 debug [log.go:94 Debugf] debuf ....
2023/12/28 16:49:21.266903 warni [log.go:102 Warnf] warn ....
2023/12/28 16:49:21.266903 error [log.go:106 Errorf] error ....
