2023/12/28 17:47:08.457393  info [log.go:98 Infof] info ....
2023/12/28 17:47:08.458456 warni [log.go:102 Warnf] warn ....
2023/12/28 17:47:08.458409  info [log.go:121 Info] add route POST/taurus/diagnoise/setLevel
2023/12/28 17:47:08.458456 error [log.go:106 Errorf] error ....
2023/12/28 17:47:08.458970  info [log.go:121 Info] add route GET/taurus/diagnoise/status
2023/12/28 17:47:08.458970  info [log.go:121 Info] add route GET/taurus/diagnoise/version
2023/12/28 17:47:11.469682  info [log.go:98 Infof] info ....
2023/12/28 17:47:11.469682 warni [log.go:102 Warnf] warn ....
2023/12/28 17:47:11.469682 error [log.go:106 Errorf] error ....
2023/12/28 17:47:14.484378  info [log.go:98 Infof] info ....
2023/12/28 17:47:14.484378 warni [log.go:102 Warnf] warn ....
2023/12/28 17:47:14.484951 error [log.go:106 Errorf] error ....
2023/12/28 17:47:17.491620  info [log.go:98 Infof] info ....
2023/12/28 17:47:17.491620 warni [log.go:102 Warnf] warn ....
2023/12/28 17:47:17.491620 error [log.go:106 Errorf] error ....
2023/12/28 17:47:20.498771  info [log.go:98 Infof] info ....
2023/12/28 17:47:20.498771 warni [log.go:102 Warnf] warn ....
2023/12/28 17:47:20.498771 error [log.go:106 Errorf] error ....
2023/12/28 17:47:23.506752  info [log.go:98 Infof] info ....
2023/12/28 17:47:23.506752 warni [log.go:102 Warnf] warn ....
2023/12/28 17:47:23.506752 error [log.go:106 Errorf] error ....
2023/12/28 17:47:26.511106  info [log.go:98 Infof] info ....
2023/12/28 17:47:26.511106 warni [log.go:102 Warnf] warn ....
2023/12/28 17:47:26.511106 error [log.go:106 Errorf] error ....
2023/12/28 17:47:29.520859  info [log.go:98 Infof] info ....
2023/12/28 17:47:29.520859 warni [log.go:102 Warnf] warn ....
2023/12/28 17:47:29.520859 error [log.go:106 Errorf] error ....
2023/12/28 17:47:32.528063  info [log.go:98 Infof] info ....
2023/12/28 17:47:32.528063 warni [log.go:102 Warnf] warn ....
2023/12/28 17:47:32.528063 error [log.go:106 Errorf] error ....
