2023/12/30 14:29:25.574287 panic [log.go:136 Panic] empty dsntaurus_mysql
2023/12/30 14:29:57.565070 panic [log.go:136 Panic] empty dsntaurus_mysql
2023/12/30 14:30:35.835289 panic [log.go:136 Panic] empty dsntaurus_mysql
2023/12/30 14:30:58.949391 panic [log.go:136 Panic] empty dsntaurus_mysql
2023/12/30 15:06:45.606527  info [log.go:121 Info] user is:jupiter
2023/12/30 15:06:45.607045  info [log.go:98 Infof] info ....
2023/12/30 15:06:45.607045 warni [log.go:102 Warnf] warn ....
2023/12/30 15:06:45.607045 error [log.go:106 Errorf] error ....
2023/12/30 15:06:45.608637  info [log.go:121 Info] add route POST/taurus/diagnoise/setLevel
2023/12/30 15:06:45.608637  info [log.go:121 Info] add route GET/taurus/diagnoise/status
2023/12/30 15:06:45.610187  info [log.go:121 Info] add route GET/taurus/diagnoise/version
2023/12/30 15:06:48.613096  info [log.go:98 Infof] info ....
2023/12/30 15:06:48.613096 warni [log.go:102 Warnf] warn ....
2023/12/30 15:06:48.613096 error [log.go:106 Errorf] error ....
2023/12/30 15:06:51.623711  info [log.go:98 Infof] info ....
2023/12/30 15:06:51.623711 warni [log.go:102 Warnf] warn ....
2023/12/30 15:06:51.623711 error [log.go:106 Errorf] error ....
2023/12/30 15:06:54.634555  info [log.go:98 Infof] info ....
2023/12/30 15:06:54.634719 warni [log.go:102 Warnf] warn ....
2023/12/30 15:06:54.634719 error [log.go:106 Errorf] error ....
2023/12/30 15:06:57.638612  info [log.go:98 Infof] info ....
2023/12/30 15:06:57.638612 warni [log.go:102 Warnf] warn ....
2023/12/30 15:06:57.638612 error [log.go:106 Errorf] error ....
2023/12/30 15:07:00.649000  info [log.go:98 Infof] info ....
2023/12/30 15:07:00.649000 warni [log.go:102 Warnf] warn ....
2023/12/30 15:07:00.649000 error [log.go:106 Errorf] error ....
2023/12/30 15:07:03.663135  info [log.go:98 Infof] info ....
2023/12/30 15:07:03.663135 warni [log.go:102 Warnf] warn ....
2023/12/30 15:07:03.663135 error [log.go:106 Errorf] error ....
2023/12/30 15:07:06.675391  info [log.go:98 Infof] info ....
2023/12/30 15:07:06.675391 warni [log.go:102 Warnf] warn ....
2023/12/30 15:07:06.675391 error [log.go:106 Errorf] error ....
2023/12/30 15:07:09.682517  info [log.go:98 Infof] info ....
2023/12/30 15:07:09.682517 warni [log.go:102 Warnf] warn ....
2023/12/30 15:07:09.682517 error [log.go:106 Errorf] error ....
2023/12/30 15:07:12.688810  info [log.go:98 Infof] info ....
2023/12/30 15:07:12.688810 warni [log.go:102 Warnf] warn ....
2023/12/30 15:07:12.688810 error [log.go:106 Errorf] error ....
2023/12/30 15:07:15.693481  info [log.go:98 Infof] info ....
2023/12/30 15:07:15.693603 warni [log.go:102 Warnf] warn ....
2023/12/30 15:07:15.693603 error [log.go:106 Errorf] error ....
2023/12/30 15:07:18.699285  info [log.go:98 Infof] info ....
2023/12/30 15:07:18.699285 warni [log.go:102 Warnf] warn ....
2023/12/30 15:07:18.699285 error [log.go:106 Errorf] error ....
2023/12/30 15:07:21.708845  info [log.go:98 Infof] info ....
2023/12/30 15:07:21.708967 warni [log.go:102 Warnf] warn ....
2023/12/30 15:07:21.708967 error [log.go:106 Errorf] error ....
2023/12/30 15:07:24.723403  info [log.go:98 Infof] info ....
2023/12/30 15:07:24.723674 warni [log.go:102 Warnf] warn ....
2023/12/30 15:07:24.723773 error [log.go:106 Errorf] error ....
2023/12/30 15:07:27.727647  info [log.go:98 Infof] info ....
2023/12/30 15:07:27.727647 warni [log.go:102 Warnf] warn ....
2023/12/30 15:07:27.727647 error [log.go:106 Errorf] error ....
2023/12/30 15:07:30.740836  info [log.go:98 Infof] info ....
2023/12/30 15:07:30.740836 warni [log.go:102 Warnf] warn ....
2023/12/30 15:07:30.740836 error [log.go:106 Errorf] error ....
2023/12/30 15:07:33.755526  info [log.go:98 Infof] info ....
2023/12/30 15:07:33.755526 warni [log.go:102 Warnf] warn ....
2023/12/30 15:07:33.755526 error [log.go:106 Errorf] error ....
2023/12/30 15:07:36.763827  info [log.go:98 Infof] info ....
2023/12/30 15:07:36.764018 warni [log.go:102 Warnf] warn ....
2023/12/30 15:07:36.764018 error [log.go:106 Errorf] error ....
2023/12/30 15:07:39.778827  info [log.go:98 Infof] info ....
2023/12/30 15:07:39.778940 warni [log.go:102 Warnf] warn ....
2023/12/30 15:07:39.778940 error [log.go:106 Errorf] error ....
2023/12/30 15:07:42.791552  info [log.go:98 Infof] info ....
2023/12/30 15:07:42.791552 warni [log.go:102 Warnf] warn ....
2023/12/30 15:07:42.791552 error [log.go:106 Errorf] error ....
2023/12/30 15:07:45.791651  info [log.go:98 Infof] info ....
2023/12/30 15:07:45.791651 warni [log.go:102 Warnf] warn ....
2023/12/30 15:07:45.791651 error [log.go:106 Errorf] error ....
2023/12/30 15:07:48.804577  info [log.go:98 Infof] info ....
2023/12/30 15:07:48.804660 warni [log.go:102 Warnf] warn ....
2023/12/30 15:07:48.804660 error [log.go:106 Errorf] error ....
2023/12/30 15:07:51.807287  info [log.go:98 Infof] info ....
2023/12/30 15:07:51.807407 warni [log.go:102 Warnf] warn ....
2023/12/30 15:07:51.807477 error [log.go:106 Errorf] error ....
2023/12/30 15:07:54.814297  info [log.go:98 Infof] info ....
2023/12/30 15:07:54.814297 warni [log.go:102 Warnf] warn ....
2023/12/30 15:07:54.814297 error [log.go:106 Errorf] error ....
2023/12/30 15:07:57.822972  info [log.go:98 Infof] info ....
2023/12/30 15:07:57.823171 warni [log.go:102 Warnf] warn ....
2023/12/30 15:07:57.823171 error [log.go:106 Errorf] error ....
2023/12/30 15:08:00.833386  info [log.go:98 Infof] info ....
2023/12/30 15:08:00.833386 warni [log.go:102 Warnf] warn ....
2023/12/30 15:08:00.833386 error [log.go:106 Errorf] error ....
2023/12/30 15:08:03.837856  info [log.go:98 Infof] info ....
2023/12/30 15:08:03.837856 warni [log.go:102 Warnf] warn ....
2023/12/30 15:08:03.837856 error [log.go:106 Errorf] error ....
2023/12/30 15:08:06.849003  info [log.go:98 Infof] info ....
2023/12/30 15:08:06.849003 warni [log.go:102 Warnf] warn ....
2023/12/30 15:08:06.849003 error [log.go:106 Errorf] error ....
2023/12/30 15:08:09.859073  info [log.go:98 Infof] info ....
2023/12/30 15:08:09.859073 warni [log.go:102 Warnf] warn ....
2023/12/30 15:08:09.859073 error [log.go:106 Errorf] error ....
2023/12/30 15:08:12.867838  info [log.go:98 Infof] info ....
2023/12/30 15:08:12.867838 warni [log.go:102 Warnf] warn ....
2023/12/30 15:08:12.867838 error [log.go:106 Errorf] error ....
2023/12/30 15:08:15.874371  info [log.go:98 Infof] info ....
2023/12/30 15:08:15.874371 warni [log.go:102 Warnf] warn ....
2023/12/30 15:08:15.874371 error [log.go:106 Errorf] error ....
2023/12/30 15:08:18.877081  info [log.go:98 Infof] info ....
2023/12/30 15:08:18.877081 warni [log.go:102 Warnf] warn ....
2023/12/30 15:08:18.877081 error [log.go:106 Errorf] error ....
2023/12/30 15:08:21.881934  info [log.go:98 Infof] info ....
2023/12/30 15:08:21.881934 warni [log.go:102 Warnf] warn ....
2023/12/30 15:08:21.881934 error [log.go:106 Errorf] error ....
2023/12/30 15:08:24.890999  info [log.go:98 Infof] info ....
2023/12/30 15:08:24.891207 warni [log.go:102 Warnf] warn ....
2023/12/30 15:08:24.891207 error [log.go:106 Errorf] error ....
2023/12/30 15:08:27.898062  info [log.go:98 Infof] info ....
2023/12/30 15:08:27.898062 warni [log.go:102 Warnf] warn ....
2023/12/30 15:08:27.898062 error [log.go:106 Errorf] error ....
2023/12/30 15:08:30.901015  info [log.go:98 Infof] info ....
2023/12/30 15:08:30.901015 warni [log.go:102 Warnf] warn ....
2023/12/30 15:08:30.901015 error [log.go:106 Errorf] error ....
2023/12/30 15:08:33.901358  info [log.go:98 Infof] info ....
2023/12/30 15:08:33.901358 warni [log.go:102 Warnf] warn ....
2023/12/30 15:08:33.901358 error [log.go:106 Errorf] error ....
2023/12/30 15:08:36.908912  info [log.go:98 Infof] info ....
2023/12/30 15:08:36.908912 warni [log.go:102 Warnf] warn ....
2023/12/30 15:08:36.908912 error [log.go:106 Errorf] error ....
2023/12/30 15:08:39.917883  info [log.go:98 Infof] info ....
2023/12/30 15:08:39.917883 warni [log.go:102 Warnf] warn ....
2023/12/30 15:08:39.917883 error [log.go:106 Errorf] error ....
2023/12/30 15:08:42.927630  info [log.go:98 Infof] info ....
2023/12/30 15:08:42.927630 warni [log.go:102 Warnf] warn ....
2023/12/30 15:08:42.927630 error [log.go:106 Errorf] error ....
2023/12/30 15:08:45.943909  info [log.go:98 Infof] info ....
2023/12/30 15:08:45.943909 warni [log.go:102 Warnf] warn ....
2023/12/30 15:08:45.944423 error [log.go:106 Errorf] error ....
2023/12/30 15:08:48.953379  info [log.go:98 Infof] info ....
2023/12/30 15:08:48.954378 warni [log.go:102 Warnf] warn ....
2023/12/30 15:08:48.954378 error [log.go:106 Errorf] error ....
2023/12/30 15:08:51.954698  info [log.go:98 Infof] info ....
2023/12/30 15:08:51.954698 warni [log.go:102 Warnf] warn ....
2023/12/30 15:08:51.954698 error [log.go:106 Errorf] error ....
2023/12/30 15:08:54.959261  info [log.go:98 Infof] info ....
2023/12/30 15:08:54.959261 warni [log.go:102 Warnf] warn ....
2023/12/30 15:08:54.959261 error [log.go:106 Errorf] error ....
2023/12/30 15:08:57.959444  info [log.go:98 Infof] info ....
2023/12/30 15:08:57.959444 warni [log.go:102 Warnf] warn ....
2023/12/30 15:08:57.959444 error [log.go:106 Errorf] error ....
2023/12/30 15:09:00.972886  info [log.go:98 Infof] info ....
2023/12/30 15:09:00.972886 warni [log.go:102 Warnf] warn ....
2023/12/30 15:09:00.972886 error [log.go:106 Errorf] error ....
2023/12/30 15:09:03.977160  info [log.go:98 Infof] info ....
2023/12/30 15:09:03.977160 warni [log.go:102 Warnf] warn ....
2023/12/30 15:09:03.977160 error [log.go:106 Errorf] error ....
2023/12/30 15:09:06.980901  info [log.go:98 Infof] info ....
2023/12/30 15:09:06.980901 warni [log.go:102 Warnf] warn ....
2023/12/30 15:09:06.980901 error [log.go:106 Errorf] error ....
2023/12/30 15:09:09.992960  info [log.go:98 Infof] info ....
2023/12/30 15:09:09.992960 warni [log.go:102 Warnf] warn ....
2023/12/30 15:09:09.992960 error [log.go:106 Errorf] error ....
2023/12/30 15:09:13.004963  info [log.go:98 Infof] info ....
2023/12/30 15:09:13.004963 warni [log.go:102 Warnf] warn ....
2023/12/30 15:09:13.004963 error [log.go:106 Errorf] error ....
2023/12/30 15:09:16.008324  info [log.go:98 Infof] info ....
2023/12/30 15:09:16.008324 warni [log.go:102 Warnf] warn ....
2023/12/30 15:09:16.008324 error [log.go:106 Errorf] error ....
2023/12/30 15:09:19.018454  info [log.go:98 Infof] info ....
2023/12/30 15:09:19.018606 warni [log.go:102 Warnf] warn ....
2023/12/30 15:09:19.018606 error [log.go:106 Errorf] error ....
2023/12/30 15:09:22.028580  info [log.go:98 Infof] info ....
2023/12/30 15:09:22.028580 warni [log.go:102 Warnf] warn ....
2023/12/30 15:09:22.028580 error [log.go:106 Errorf] error ....
2023/12/30 15:09:25.041025  info [log.go:98 Infof] info ....
2023/12/30 15:09:25.041025 warni [log.go:102 Warnf] warn ....
2023/12/30 15:09:25.041025 error [log.go:106 Errorf] error ....
2023/12/30 15:09:28.045491  info [log.go:98 Infof] info ....
2023/12/30 15:09:28.045797 warni [log.go:102 Warnf] warn ....
2023/12/30 15:09:28.045797 error [log.go:106 Errorf] error ....
2023/12/30 15:09:31.060796  info [log.go:98 Infof] info ....
2023/12/30 15:09:31.060796 warni [log.go:102 Warnf] warn ....
2023/12/30 15:09:31.060796 error [log.go:106 Errorf] error ....
2023/12/30 15:09:34.063719  info [log.go:98 Infof] info ....
2023/12/30 15:09:34.063719 warni [log.go:102 Warnf] warn ....
2023/12/30 15:09:34.063719 error [log.go:106 Errorf] error ....
2023/12/30 15:09:37.079371  info [log.go:98 Infof] info ....
2023/12/30 15:09:37.079371 warni [log.go:102 Warnf] warn ....
2023/12/30 15:09:37.079371 error [log.go:106 Errorf] error ....
2023/12/30 15:09:40.090410  info [log.go:98 Infof] info ....
2023/12/30 15:09:40.090410 warni [log.go:102 Warnf] warn ....
2023/12/30 15:09:40.090410 error [log.go:106 Errorf] error ....
2023/12/30 15:09:43.096698  info [log.go:98 Infof] info ....
2023/12/30 15:09:43.096698 warni [log.go:102 Warnf] warn ....
2023/12/30 15:09:43.096698 error [log.go:106 Errorf] error ....
2023/12/30 15:09:46.108922  info [log.go:98 Infof] info ....
2023/12/30 15:09:46.108922 warni [log.go:102 Warnf] warn ....
2023/12/30 15:09:46.108922 error [log.go:106 Errorf] error ....
2023/12/30 15:09:49.112230  info [log.go:98 Infof] info ....
2023/12/30 15:09:49.112785 warni [log.go:102 Warnf] warn ....
2023/12/30 15:09:49.112785 error [log.go:106 Errorf] error ....
2023/12/30 15:09:52.126723  info [log.go:98 Infof] info ....
2023/12/30 15:09:52.126723 warni [log.go:102 Warnf] warn ....
2023/12/30 15:09:52.126723 error [log.go:106 Errorf] error ....
2023/12/30 15:09:55.138102  info [log.go:98 Infof] info ....
2023/12/30 15:09:55.138206 warni [log.go:102 Warnf] warn ....
2023/12/30 15:09:55.138206 error [log.go:106 Errorf] error ....
2023/12/30 15:09:58.151670  info [log.go:98 Infof] info ....
2023/12/30 15:09:58.151670 warni [log.go:102 Warnf] warn ....
2023/12/30 15:09:58.151670 error [log.go:106 Errorf] error ....
2023/12/30 15:10:01.157290  info [log.go:98 Infof] info ....
2023/12/30 15:10:01.157400 warni [log.go:102 Warnf] warn ....
2023/12/30 15:10:01.157400 error [log.go:106 Errorf] error ....
2023/12/30 15:10:04.164625  info [log.go:98 Infof] info ....
2023/12/30 15:10:04.164625 warni [log.go:102 Warnf] warn ....
2023/12/30 15:10:04.164625 error [log.go:106 Errorf] error ....
2023/12/30 15:10:07.166493  info [log.go:98 Infof] info ....
2023/12/30 15:10:07.166493 warni [log.go:102 Warnf] warn ....
2023/12/30 15:10:07.166493 error [log.go:106 Errorf] error ....
2023/12/30 15:10:10.177655  info [log.go:98 Infof] info ....
2023/12/30 15:10:10.177655 warni [log.go:102 Warnf] warn ....
2023/12/30 15:10:10.177655 error [log.go:106 Errorf] error ....
2023/12/30 15:10:22.495532  info [log.go:121 Info] user is:jupiter
2023/12/30 15:10:22.496043  info [log.go:98 Infof] info ....
2023/12/30 15:10:22.496043 warni [log.go:102 Warnf] warn ....
2023/12/30 15:10:22.496043 error [log.go:106 Errorf] error ....
2023/12/30 15:10:22.499008  info [log.go:121 Info] add route POST/taurus/diagnoise/setLevel
2023/12/30 15:10:22.499008  info [log.go:121 Info] add route GET/taurus/diagnoise/status
2023/12/30 15:10:22.499008  info [log.go:121 Info] add route GET/taurus/diagnoise/version
2023/12/30 15:10:25.508967  info [log.go:98 Infof] info ....
2023/12/30 15:10:25.508967 warni [log.go:102 Warnf] warn ....
2023/12/30 15:10:25.508967 error [log.go:106 Errorf] error ....
2023/12/30 15:10:28.509139  info [log.go:98 Infof] info ....
2023/12/30 15:10:28.509139 warni [log.go:102 Warnf] warn ....
2023/12/30 15:10:28.509139 error [log.go:106 Errorf] error ....
2023/12/30 15:10:31.522813  info [log.go:98 Infof] info ....
2023/12/30 15:10:31.522813 warni [log.go:102 Warnf] warn ....
2023/12/30 15:10:31.522947 error [log.go:106 Errorf] error ....
2023/12/30 15:10:34.532261  info [log.go:98 Infof] info ....
2023/12/30 15:10:34.532261 warni [log.go:102 Warnf] warn ....
2023/12/30 15:10:34.532261 error [log.go:106 Errorf] error ....
2023/12/30 15:10:37.545083  info [log.go:98 Infof] info ....
2023/12/30 15:10:37.545083 warni [log.go:102 Warnf] warn ....
2023/12/30 15:10:37.545083 error [log.go:106 Errorf] error ....
2023/12/30 15:10:40.549676  info [log.go:98 Infof] info ....
2023/12/30 15:10:40.549676 warni [log.go:102 Warnf] warn ....
2023/12/30 15:10:40.549676 error [log.go:106 Errorf] error ....
2023/12/30 15:10:43.562381  info [log.go:98 Infof] info ....
2023/12/30 15:10:43.562381 warni [log.go:102 Warnf] warn ....
2023/12/30 15:10:43.562381 error [log.go:106 Errorf] error ....
2023/12/30 15:10:46.564348  info [log.go:98 Infof] info ....
2023/12/30 15:10:46.564348 warni [log.go:102 Warnf] warn ....
2023/12/30 15:10:46.564348 error [log.go:106 Errorf] error ....
2023/12/30 15:10:49.578698  info [log.go:98 Infof] info ....
2023/12/30 15:10:49.578969 warni [log.go:102 Warnf] warn ....
2023/12/30 15:10:49.578969 error [log.go:106 Errorf] error ....
2023/12/30 15:10:52.588630  info [log.go:98 Infof] info ....
2023/12/30 15:10:52.588735 warni [log.go:102 Warnf] warn ....
2023/12/30 15:10:52.588735 error [log.go:106 Errorf] error ....
2023/12/30 15:10:55.602865  info [log.go:98 Infof] info ....
2023/12/30 15:10:55.602979 warni [log.go:102 Warnf] warn ....
2023/12/30 15:10:55.602979 error [log.go:106 Errorf] error ....
2023/12/30 15:10:58.609673  info [log.go:98 Infof] info ....
2023/12/30 15:10:58.609673 warni [log.go:102 Warnf] warn ....
2023/12/30 15:10:58.609673 error [log.go:106 Errorf] error ....
2023/12/30 15:11:01.610233  info [log.go:98 Infof] info ....
2023/12/30 15:11:01.610233 warni [log.go:102 Warnf] warn ....
2023/12/30 15:11:01.610233 error [log.go:106 Errorf] error ....
2023/12/30 15:11:04.621136  info [log.go:98 Infof] info ....
2023/12/30 15:11:04.621136 warni [log.go:102 Warnf] warn ....
2023/12/30 15:11:04.621136 error [log.go:106 Errorf] error ....
2023/12/30 15:11:07.633317  info [log.go:98 Infof] info ....
2023/12/30 15:11:07.633317 warni [log.go:102 Warnf] warn ....
2023/12/30 15:11:07.633317 error [log.go:106 Errorf] error ....
2023/12/30 15:11:10.636179  info [log.go:98 Infof] info ....
2023/12/30 15:11:10.636461 warni [log.go:102 Warnf] warn ....
2023/12/30 15:11:10.636461 error [log.go:106 Errorf] error ....
2023/12/30 15:11:13.642565  info [log.go:98 Infof] info ....
2023/12/30 15:11:13.642565 warni [log.go:102 Warnf] warn ....
2023/12/30 15:11:13.642565 error [log.go:106 Errorf] error ....
2023/12/30 15:11:16.653279  info [log.go:98 Infof] info ....
2023/12/30 15:11:16.653279 warni [log.go:102 Warnf] warn ....
2023/12/30 15:11:16.653279 error [log.go:106 Errorf] error ....
2023/12/30 15:11:19.656358  info [log.go:98 Infof] info ....
2023/12/30 15:11:19.656358 warni [log.go:102 Warnf] warn ....
2023/12/30 15:11:19.656358 error [log.go:106 Errorf] error ....
2023/12/30 15:11:22.666174  info [log.go:98 Infof] info ....
2023/12/30 15:11:22.666174 warni [log.go:102 Warnf] warn ....
2023/12/30 15:11:22.666174 error [log.go:106 Errorf] error ....
2023/12/30 15:11:25.680294  info [log.go:98 Infof] info ....
2023/12/30 15:11:25.680294 warni [log.go:102 Warnf] warn ....
2023/12/30 15:11:25.680294 error [log.go:106 Errorf] error ....
2023/12/30 15:11:28.687217  info [log.go:98 Infof] info ....
2023/12/30 15:11:28.687217 warni [log.go:102 Warnf] warn ....
2023/12/30 15:11:28.687217 error [log.go:106 Errorf] error ....
2023/12/30 15:11:31.697799  info [log.go:98 Infof] info ....
2023/12/30 15:11:31.697799 warni [log.go:102 Warnf] warn ....
2023/12/30 15:11:31.697799 error [log.go:106 Errorf] error ....
2023/12/30 15:11:34.701776  info [log.go:98 Infof] info ....
2023/12/30 15:11:34.701776 warni [log.go:102 Warnf] warn ....
2023/12/30 15:11:34.701776 error [log.go:106 Errorf] error ....
2023/12/30 15:11:37.706576  info [log.go:98 Infof] info ....
2023/12/30 15:11:37.706576 warni [log.go:102 Warnf] warn ....
2023/12/30 15:11:37.706576 error [log.go:106 Errorf] error ....
2023/12/30 15:11:40.708454  info [log.go:98 Infof] info ....
2023/12/30 15:11:40.708454 warni [log.go:102 Warnf] warn ....
2023/12/30 15:11:40.708454 error [log.go:106 Errorf] error ....
2023/12/30 15:11:43.722651  info [log.go:98 Infof] info ....
2023/12/30 15:11:43.722819 warni [log.go:102 Warnf] warn ....
2023/12/30 15:11:43.722819 error [log.go:106 Errorf] error ....
2023/12/30 15:11:46.724135  info [log.go:98 Infof] info ....
2023/12/30 15:11:46.724135 warni [log.go:102 Warnf] warn ....
2023/12/30 15:11:46.724135 error [log.go:106 Errorf] error ....
2023/12/30 15:11:49.727495  info [log.go:98 Infof] info ....
2023/12/30 15:11:49.727495 warni [log.go:102 Warnf] warn ....
2023/12/30 15:11:49.727495 error [log.go:106 Errorf] error ....
2023/12/30 15:11:52.734456  info [log.go:98 Infof] info ....
2023/12/30 15:11:52.734456 warni [log.go:102 Warnf] warn ....
2023/12/30 15:11:52.734456 error [log.go:106 Errorf] error ....
2023/12/30 15:11:55.749217  info [log.go:98 Infof] info ....
2023/12/30 15:11:55.749217 warni [log.go:102 Warnf] warn ....
2023/12/30 15:11:55.749217 error [log.go:106 Errorf] error ....
2023/12/30 15:11:58.749813  info [log.go:98 Infof] info ....
2023/12/30 15:11:58.750099 warni [log.go:102 Warnf] warn ....
2023/12/30 15:11:58.750099 error [log.go:106 Errorf] error ....
2023/12/30 15:12:01.758682  info [log.go:98 Infof] info ....
2023/12/30 15:12:01.758682 warni [log.go:102 Warnf] warn ....
2023/12/30 15:12:01.758682 error [log.go:106 Errorf] error ....
2023/12/30 15:12:04.765257  info [log.go:98 Infof] info ....
2023/12/30 15:12:04.765257 warni [log.go:102 Warnf] warn ....
2023/12/30 15:12:04.765257 error [log.go:106 Errorf] error ....
2023/12/30 15:12:07.778356  info [log.go:98 Infof] info ....
2023/12/30 15:12:07.778356 warni [log.go:102 Warnf] warn ....
2023/12/30 15:12:07.778356 error [log.go:106 Errorf] error ....
2023/12/30 15:12:10.784122  info [log.go:98 Infof] info ....
2023/12/30 15:12:10.784387 warni [log.go:102 Warnf] warn ....
2023/12/30 15:12:10.784387 error [log.go:106 Errorf] error ....
2023/12/30 15:12:13.790201  info [log.go:98 Infof] info ....
2023/12/30 15:12:13.790201 warni [log.go:102 Warnf] warn ....
2023/12/30 15:12:13.790201 error [log.go:106 Errorf] error ....
2023/12/30 15:12:16.794191  info [log.go:98 Infof] info ....
2023/12/30 15:12:16.794191 warni [log.go:102 Warnf] warn ....
2023/12/30 15:12:16.794191 error [log.go:106 Errorf] error ....
2023/12/30 15:12:19.804344  info [log.go:98 Infof] info ....
2023/12/30 15:12:19.804344 warni [log.go:102 Warnf] warn ....
2023/12/30 15:12:19.804344 error [log.go:106 Errorf] error ....
2023/12/30 15:12:22.807610  info [log.go:98 Infof] info ....
2023/12/30 15:12:22.808149 warni [log.go:102 Warnf] warn ....
2023/12/30 15:12:22.808149 error [log.go:106 Errorf] error ....
2023/12/30 15:12:25.823242  info [log.go:98 Infof] info ....
2023/12/30 15:12:25.823242 warni [log.go:102 Warnf] warn ....
2023/12/30 15:12:25.823242 error [log.go:106 Errorf] error ....
2023/12/30 15:12:28.829275  info [log.go:98 Infof] info ....
2023/12/30 15:12:28.829275 warni [log.go:102 Warnf] warn ....
2023/12/30 15:12:28.829275 error [log.go:106 Errorf] error ....
2023/12/30 15:12:31.848744  info [log.go:98 Infof] info ....
2023/12/30 15:12:31.848744 warni [log.go:102 Warnf] warn ....
2023/12/30 15:12:31.848744 error [log.go:106 Errorf] error ....
2023/12/30 15:12:34.860454  info [log.go:98 Infof] info ....
2023/12/30 15:12:34.860454 warni [log.go:102 Warnf] warn ....
2023/12/30 15:12:34.860454 error [log.go:106 Errorf] error ....
2023/12/30 15:12:37.869026  info [log.go:98 Infof] info ....
2023/12/30 15:12:37.869026 warni [log.go:102 Warnf] warn ....
2023/12/30 15:12:37.869026 error [log.go:106 Errorf] error ....
2023/12/30 15:12:40.882694  info [log.go:98 Infof] info ....
2023/12/30 15:12:40.882694 warni [log.go:102 Warnf] warn ....
2023/12/30 15:12:40.882694 error [log.go:106 Errorf] error ....
2023/12/30 15:12:43.889352  info [log.go:98 Infof] info ....
2023/12/30 15:12:43.889526 warni [log.go:102 Warnf] warn ....
2023/12/30 15:12:43.889526 error [log.go:106 Errorf] error ....
2023/12/30 15:12:46.890388  info [log.go:98 Infof] info ....
2023/12/30 15:12:46.890388 warni [log.go:102 Warnf] warn ....
2023/12/30 15:12:46.890388 error [log.go:106 Errorf] error ....
2023/12/30 15:12:49.894362  info [log.go:98 Infof] info ....
2023/12/30 15:12:49.894362 warni [log.go:102 Warnf] warn ....
2023/12/30 15:12:49.894362 error [log.go:106 Errorf] error ....
2023/12/30 15:12:52.909818  info [log.go:98 Infof] info ....
2023/12/30 15:12:52.909818 warni [log.go:102 Warnf] warn ....
2023/12/30 15:12:52.909818 error [log.go:106 Errorf] error ....
2023/12/30 15:12:55.910805  info [log.go:98 Infof] info ....
2023/12/30 15:12:55.910805 warni [log.go:102 Warnf] warn ....
2023/12/30 15:12:55.910805 error [log.go:106 Errorf] error ....
2023/12/30 15:12:58.931595  info [log.go:98 Infof] info ....
2023/12/30 15:12:58.931595 warni [log.go:102 Warnf] warn ....
2023/12/30 15:12:58.931595 error [log.go:106 Errorf] error ....
2023/12/30 15:13:01.936362  info [log.go:98 Infof] info ....
2023/12/30 15:13:01.936362 warni [log.go:102 Warnf] warn ....
2023/12/30 15:13:01.936362 error [log.go:106 Errorf] error ....
2023/12/30 15:13:04.951047  info [log.go:98 Infof] info ....
2023/12/30 15:13:04.951047 warni [log.go:102 Warnf] warn ....
2023/12/30 15:13:04.951047 error [log.go:106 Errorf] error ....
2023/12/30 15:13:07.962272  info [log.go:98 Infof] info ....
2023/12/30 15:13:07.962272 warni [log.go:102 Warnf] warn ....
2023/12/30 15:13:07.962272 error [log.go:106 Errorf] error ....
2023/12/30 15:13:10.970162  info [log.go:98 Infof] info ....
2023/12/30 15:13:10.970162 warni [log.go:102 Warnf] warn ....
2023/12/30 15:13:10.970162 error [log.go:106 Errorf] error ....
2023/12/30 15:13:13.980979  info [log.go:98 Infof] info ....
2023/12/30 15:13:13.980979 warni [log.go:102 Warnf] warn ....
2023/12/30 15:13:13.980979 error [log.go:106 Errorf] error ....
2023/12/30 15:13:16.983395  info [log.go:98 Infof] info ....
2023/12/30 15:13:16.983395 warni [log.go:102 Warnf] warn ....
2023/12/30 15:13:16.983395 error [log.go:106 Errorf] error ....
2023/12/30 15:13:19.993309  info [log.go:98 Infof] info ....
2023/12/30 15:13:19.993309 warni [log.go:102 Warnf] warn ....
2023/12/30 15:13:19.993309 error [log.go:106 Errorf] error ....
2023/12/30 15:13:23.006404  info [log.go:98 Infof] info ....
2023/12/30 15:13:23.006404 warni [log.go:102 Warnf] warn ....
2023/12/30 15:13:23.006404 error [log.go:106 Errorf] error ....
2023/12/30 15:13:26.011206  info [log.go:98 Infof] info ....
2023/12/30 15:13:26.011352 warni [log.go:102 Warnf] warn ....
2023/12/30 15:13:26.011352 error [log.go:106 Errorf] error ....
2023/12/30 15:13:29.025306  info [log.go:98 Infof] info ....
2023/12/30 15:13:29.025306 warni [log.go:102 Warnf] warn ....
2023/12/30 15:13:29.025306 error [log.go:106 Errorf] error ....
2023/12/30 15:13:32.031371  info [log.go:98 Infof] info ....
2023/12/30 15:13:32.031371 warni [log.go:102 Warnf] warn ....
2023/12/30 15:13:32.031371 error [log.go:106 Errorf] error ....
2023/12/30 15:13:35.045520  info [log.go:98 Infof] info ....
2023/12/30 15:13:35.045666 warni [log.go:102 Warnf] warn ....
2023/12/30 15:13:35.045666 error [log.go:106 Errorf] error ....
2023/12/30 15:13:38.057893  info [log.go:98 Infof] info ....
2023/12/30 15:13:38.057893 warni [log.go:102 Warnf] warn ....
2023/12/30 15:13:38.057893 error [log.go:106 Errorf] error ....
2023/12/30 15:13:41.066995  info [log.go:98 Infof] info ....
2023/12/30 15:13:41.066995 warni [log.go:102 Warnf] warn ....
2023/12/30 15:13:41.066995 error [log.go:106 Errorf] error ....
2023/12/30 15:13:44.076982  info [log.go:98 Infof] info ....
2023/12/30 15:13:44.077674 warni [log.go:102 Warnf] warn ....
2023/12/30 15:13:44.077674 error [log.go:106 Errorf] error ....
2023/12/30 15:13:47.089968  info [log.go:98 Infof] info ....
2023/12/30 15:13:47.090071 warni [log.go:102 Warnf] warn ....
2023/12/30 15:13:47.090071 error [log.go:106 Errorf] error ....
2023/12/30 15:13:50.090840  info [log.go:98 Infof] info ....
2023/12/30 15:13:50.090840 warni [log.go:102 Warnf] warn ....
2023/12/30 15:13:50.090840 error [log.go:106 Errorf] error ....
2023/12/30 15:13:53.094902  info [log.go:98 Infof] info ....
2023/12/30 15:13:53.094902 warni [log.go:102 Warnf] warn ....
2023/12/30 15:13:53.094902 error [log.go:106 Errorf] error ....
2023/12/30 15:13:56.095916  info [log.go:98 Infof] info ....
2023/12/30 15:13:56.095916 warni [log.go:102 Warnf] warn ....
2023/12/30 15:13:56.095916 error [log.go:106 Errorf] error ....
2023/12/30 15:13:59.099660  info [log.go:98 Infof] info ....
2023/12/30 15:13:59.099660 warni [log.go:102 Warnf] warn ....
2023/12/30 15:13:59.099660 error [log.go:106 Errorf] error ....
2023/12/30 15:14:02.115097  info [log.go:98 Infof] info ....
2023/12/30 15:14:02.115097 warni [log.go:102 Warnf] warn ....
2023/12/30 15:14:02.115097 error [log.go:106 Errorf] error ....
2023/12/30 15:14:05.138771  info [log.go:98 Infof] info ....
2023/12/30 15:14:05.138771 warni [log.go:102 Warnf] warn ....
2023/12/30 15:14:05.138771 error [log.go:106 Errorf] error ....
2023/12/30 15:14:08.141552  info [log.go:98 Infof] info ....
2023/12/30 15:14:08.141552 warni [log.go:102 Warnf] warn ....
2023/12/30 15:14:08.141552 error [log.go:106 Errorf] error ....
2023/12/30 15:14:11.150882  info [log.go:98 Infof] info ....
2023/12/30 15:14:11.150972 warni [log.go:102 Warnf] warn ....
2023/12/30 15:14:11.150972 error [log.go:106 Errorf] error ....
2023/12/30 15:14:14.165415  info [log.go:98 Infof] info ....
2023/12/30 15:14:14.165527 warni [log.go:102 Warnf] warn ....
2023/12/30 15:14:14.165527 error [log.go:106 Errorf] error ....
2023/12/30 15:14:17.178848  info [log.go:98 Infof] info ....
2023/12/30 15:14:17.178848 warni [log.go:102 Warnf] warn ....
2023/12/30 15:14:17.178848 error [log.go:106 Errorf] error ....
2023/12/30 15:14:20.191346  info [log.go:98 Infof] info ....
2023/12/30 15:14:20.191572 warni [log.go:102 Warnf] warn ....
2023/12/30 15:14:20.191572 error [log.go:106 Errorf] error ....
2023/12/30 15:14:23.195970  info [log.go:98 Infof] info ....
2023/12/30 15:14:23.195970 warni [log.go:102 Warnf] warn ....
2023/12/30 15:14:23.195970 error [log.go:106 Errorf] error ....
2023/12/30 15:14:26.198194  info [log.go:98 Infof] info ....
2023/12/30 15:14:26.198194 warni [log.go:102 Warnf] warn ....
2023/12/30 15:14:26.198194 error [log.go:106 Errorf] error ....
2023/12/30 15:14:29.204943  info [log.go:98 Infof] info ....
2023/12/30 15:14:29.204943 warni [log.go:102 Warnf] warn ....
2023/12/30 15:14:29.204943 error [log.go:106 Errorf] error ....
2023/12/30 15:14:32.216609  info [log.go:98 Infof] info ....
2023/12/30 15:14:32.216609 warni [log.go:102 Warnf] warn ....
2023/12/30 15:14:32.216609 error [log.go:106 Errorf] error ....
2023/12/30 15:14:35.225659  info [log.go:98 Infof] info ....
2023/12/30 15:14:35.225708 warni [log.go:102 Warnf] warn ....
2023/12/30 15:14:35.225708 error [log.go:106 Errorf] error ....
2023/12/30 15:14:38.231658  info [log.go:98 Infof] info ....
2023/12/30 15:14:38.231658 warni [log.go:102 Warnf] warn ....
2023/12/30 15:14:38.231658 error [log.go:106 Errorf] error ....
2023/12/30 15:14:41.245224  info [log.go:98 Infof] info ....
2023/12/30 15:14:41.245388 warni [log.go:102 Warnf] warn ....
2023/12/30 15:14:41.245388 error [log.go:106 Errorf] error ....
2023/12/30 15:14:44.259272  info [log.go:98 Infof] info ....
2023/12/30 15:14:44.259433 warni [log.go:102 Warnf] warn ....
2023/12/30 15:14:44.259433 error [log.go:106 Errorf] error ....
2023/12/30 15:14:47.265965  info [log.go:98 Infof] info ....
2023/12/30 15:14:47.265965 warni [log.go:102 Warnf] warn ....
2023/12/30 15:14:47.265965 error [log.go:106 Errorf] error ....
2023/12/30 15:14:50.266633  info [log.go:98 Infof] info ....
2023/12/30 15:14:50.266633 warni [log.go:102 Warnf] warn ....
2023/12/30 15:14:50.266633 error [log.go:106 Errorf] error ....
2023/12/30 15:14:53.267498  info [log.go:98 Infof] info ....
2023/12/30 15:14:53.268003 warni [log.go:102 Warnf] warn ....
2023/12/30 15:14:53.268003 error [log.go:106 Errorf] error ....
2023/12/30 15:14:56.277383  info [log.go:98 Infof] info ....
2023/12/30 15:14:56.277383 warni [log.go:102 Warnf] warn ....
2023/12/30 15:14:56.277383 error [log.go:106 Errorf] error ....
2023/12/30 15:14:59.281191  info [log.go:98 Infof] info ....
2023/12/30 15:14:59.281270 warni [log.go:102 Warnf] warn ....
2023/12/30 15:14:59.281270 error [log.go:106 Errorf] error ....
2023/12/30 15:15:02.288487  info [log.go:98 Infof] info ....
2023/12/30 15:15:02.288487 warni [log.go:102 Warnf] warn ....
2023/12/30 15:15:02.288487 error [log.go:106 Errorf] error ....
2023/12/30 15:15:05.301436  info [log.go:98 Infof] info ....
2023/12/30 15:15:05.301436 warni [log.go:102 Warnf] warn ....
2023/12/30 15:15:05.301436 error [log.go:106 Errorf] error ....
2023/12/30 15:15:08.304982  info [log.go:98 Infof] info ....
2023/12/30 15:15:08.305221 warni [log.go:102 Warnf] warn ....
2023/12/30 15:15:08.305221 error [log.go:106 Errorf] error ....
2023/12/30 15:15:11.309442  info [log.go:98 Infof] info ....
2023/12/30 15:15:11.309442 warni [log.go:102 Warnf] warn ....
2023/12/30 15:15:11.309442 error [log.go:106 Errorf] error ....
2023/12/30 15:15:14.310938  info [log.go:98 Infof] info ....
2023/12/30 15:15:14.310938 warni [log.go:102 Warnf] warn ....
2023/12/30 15:15:14.310938 error [log.go:106 Errorf] error ....
2023/12/30 15:15:17.326081  info [log.go:98 Infof] info ....
2023/12/30 15:15:17.326081 warni [log.go:102 Warnf] warn ....
2023/12/30 15:15:17.326081 error [log.go:106 Errorf] error ....
2023/12/30 15:15:20.332935  info [log.go:98 Infof] info ....
2023/12/30 15:15:20.332935 warni [log.go:102 Warnf] warn ....
2023/12/30 15:15:20.332935 error [log.go:106 Errorf] error ....
2023/12/30 15:15:23.337363  info [log.go:98 Infof] info ....
2023/12/30 15:15:23.337622 warni [log.go:102 Warnf] warn ....
2023/12/30 15:15:23.337622 error [log.go:106 Errorf] error ....
2023/12/30 15:15:26.347367  info [log.go:98 Infof] info ....
2023/12/30 15:15:26.347513 warni [log.go:102 Warnf] warn ....
2023/12/30 15:15:26.347513 error [log.go:106 Errorf] error ....
2023/12/30 15:15:29.353552  info [log.go:98 Infof] info ....
2023/12/30 15:15:29.353552 warni [log.go:102 Warnf] warn ....
2023/12/30 15:15:29.353552 error [log.go:106 Errorf] error ....
2023/12/30 15:15:32.353822  info [log.go:98 Infof] info ....
2023/12/30 15:15:32.353822 warni [log.go:102 Warnf] warn ....
2023/12/30 15:15:32.353822 error [log.go:106 Errorf] error ....
2023/12/30 15:15:35.362437  info [log.go:98 Infof] info ....
2023/12/30 15:15:35.362764 warni [log.go:102 Warnf] warn ....
2023/12/30 15:15:35.362764 error [log.go:106 Errorf] error ....
2023/12/30 15:15:38.374354  info [log.go:98 Infof] info ....
2023/12/30 15:15:38.374542 warni [log.go:102 Warnf] warn ....
2023/12/30 15:15:38.374542 error [log.go:106 Errorf] error ....
2023/12/30 15:15:41.384305  info [log.go:98 Infof] info ....
2023/12/30 15:15:41.384413 warni [log.go:102 Warnf] warn ....
2023/12/30 15:15:41.384413 error [log.go:106 Errorf] error ....
2023/12/30 15:15:44.399278  info [log.go:98 Infof] info ....
2023/12/30 15:15:44.399278 warni [log.go:102 Warnf] warn ....
2023/12/30 15:15:44.399278 error [log.go:106 Errorf] error ....
2023/12/30 15:15:47.407654  info [log.go:98 Infof] info ....
2023/12/30 15:15:47.407798 warni [log.go:102 Warnf] warn ....
2023/12/30 15:15:47.407798 error [log.go:106 Errorf] error ....
2023/12/30 15:15:50.413711  info [log.go:98 Infof] info ....
2023/12/30 15:15:50.413711 warni [log.go:102 Warnf] warn ....
2023/12/30 15:15:50.413711 error [log.go:106 Errorf] error ....
2023/12/30 15:15:53.425473  info [log.go:98 Infof] info ....
2023/12/30 15:15:53.425473 warni [log.go:102 Warnf] warn ....
2023/12/30 15:15:53.425473 error [log.go:106 Errorf] error ....
2023/12/30 15:15:56.434800  info [log.go:98 Infof] info ....
2023/12/30 15:15:56.434968 warni [log.go:102 Warnf] warn ....
2023/12/30 15:15:56.434968 error [log.go:106 Errorf] error ....
2023/12/30 15:15:59.439430  info [log.go:98 Infof] info ....
2023/12/30 15:15:59.439430 warni [log.go:102 Warnf] warn ....
2023/12/30 15:15:59.439430 error [log.go:106 Errorf] error ....
2023/12/30 15:16:02.442105  info [log.go:98 Infof] info ....
2023/12/30 15:16:02.442105 warni [log.go:102 Warnf] warn ....
2023/12/30 15:16:02.442105 error [log.go:106 Errorf] error ....
2023/12/30 15:16:05.453761  info [log.go:98 Infof] info ....
2023/12/30 15:16:05.453811 warni [log.go:102 Warnf] warn ....
2023/12/30 15:16:05.453811 error [log.go:106 Errorf] error ....
2023/12/30 15:16:08.460800  info [log.go:98 Infof] info ....
2023/12/30 15:16:08.461007 warni [log.go:102 Warnf] warn ....
2023/12/30 15:16:08.461007 error [log.go:106 Errorf] error ....
2023/12/30 15:16:11.462561  info [log.go:98 Infof] info ....
2023/12/30 15:16:11.462561 warni [log.go:102 Warnf] warn ....
2023/12/30 15:16:11.462561 error [log.go:106 Errorf] error ....
2023/12/30 15:16:14.477316  info [log.go:98 Infof] info ....
2023/12/30 15:16:14.477405 warni [log.go:102 Warnf] warn ....
2023/12/30 15:16:14.477405 error [log.go:106 Errorf] error ....
2023/12/30 15:16:17.478437  info [log.go:98 Infof] info ....
2023/12/30 15:16:17.478615 warni [log.go:102 Warnf] warn ....
2023/12/30 15:16:17.478615 error [log.go:106 Errorf] error ....
2023/12/30 15:16:20.484261  info [log.go:98 Infof] info ....
2023/12/30 15:16:20.484332 warni [log.go:102 Warnf] warn ....
2023/12/30 15:16:20.484332 error [log.go:106 Errorf] error ....
2023/12/30 15:16:23.495778  info [log.go:98 Infof] info ....
2023/12/30 15:16:23.495778 warni [log.go:102 Warnf] warn ....
2023/12/30 15:16:23.496306 error [log.go:106 Errorf] error ....
2023/12/30 15:16:26.502485  info [log.go:98 Infof] info ....
2023/12/30 15:16:26.502485 warni [log.go:102 Warnf] warn ....
2023/12/30 15:16:26.502485 error [log.go:106 Errorf] error ....
2023/12/30 15:16:29.513285  info [log.go:98 Infof] info ....
2023/12/30 15:16:29.513285 warni [log.go:102 Warnf] warn ....
2023/12/30 15:16:29.513285 error [log.go:106 Errorf] error ....
2023/12/30 15:16:32.522453  info [log.go:98 Infof] info ....
2023/12/30 15:16:32.522453 warni [log.go:102 Warnf] warn ....
2023/12/30 15:16:32.522453 error [log.go:106 Errorf] error ....
2023/12/30 15:16:35.530943  info [log.go:98 Infof] info ....
2023/12/30 15:16:35.530943 warni [log.go:102 Warnf] warn ....
2023/12/30 15:16:35.530943 error [log.go:106 Errorf] error ....
2023/12/30 15:16:38.531342  info [log.go:98 Infof] info ....
2023/12/30 15:16:38.531462 warni [log.go:102 Warnf] warn ....
2023/12/30 15:16:38.531462 error [log.go:106 Errorf] error ....
2023/12/30 15:16:41.534891  info [log.go:98 Infof] info ....
2023/12/30 15:16:41.534891 warni [log.go:102 Warnf] warn ....
2023/12/30 15:16:41.534891 error [log.go:106 Errorf] error ....
2023/12/30 15:16:44.540076  info [log.go:98 Infof] info ....
2023/12/30 15:16:44.540076 warni [log.go:102 Warnf] warn ....
2023/12/30 15:16:44.540076 error [log.go:106 Errorf] error ....
2023/12/30 15:16:47.548929  info [log.go:98 Infof] info ....
2023/12/30 15:16:47.548929 warni [log.go:102 Warnf] warn ....
2023/12/30 15:16:47.548929 error [log.go:106 Errorf] error ....
2023/12/30 15:16:50.549447  info [log.go:98 Infof] info ....
2023/12/30 15:16:50.549447 warni [log.go:102 Warnf] warn ....
2023/12/30 15:16:50.549447 error [log.go:106 Errorf] error ....
2023/12/30 15:16:53.559925  info [log.go:98 Infof] info ....
2023/12/30 15:16:53.559925 warni [log.go:102 Warnf] warn ....
2023/12/30 15:16:53.559925 error [log.go:106 Errorf] error ....
2023/12/30 15:16:56.572966  info [log.go:98 Infof] info ....
2023/12/30 15:16:56.572966 warni [log.go:102 Warnf] warn ....
2023/12/30 15:16:56.572966 error [log.go:106 Errorf] error ....
2023/12/30 15:16:59.588266  info [log.go:98 Infof] info ....
2023/12/30 15:16:59.588266 warni [log.go:102 Warnf] warn ....
2023/12/30 15:16:59.588266 error [log.go:106 Errorf] error ....
2023/12/30 15:17:02.594174  info [log.go:98 Infof] info ....
2023/12/30 15:17:02.594174 warni [log.go:102 Warnf] warn ....
2023/12/30 15:17:02.594174 error [log.go:106 Errorf] error ....
2023/12/30 15:17:05.598558  info [log.go:98 Infof] info ....
2023/12/30 15:17:05.598558 warni [log.go:102 Warnf] warn ....
2023/12/30 15:17:05.598558 error [log.go:106 Errorf] error ....
2023/12/30 15:17:08.603060  info [log.go:98 Infof] info ....
2023/12/30 15:17:08.603287 warni [log.go:102 Warnf] warn ....
2023/12/30 15:17:08.603287 error [log.go:106 Errorf] error ....
2023/12/30 15:17:11.613594  info [log.go:98 Infof] info ....
2023/12/30 15:17:11.613594 warni [log.go:102 Warnf] warn ....
2023/12/30 15:17:11.613594 error [log.go:106 Errorf] error ....
2023/12/30 15:17:14.622445  info [log.go:98 Infof] info ....
2023/12/30 15:17:14.622445 warni [log.go:102 Warnf] warn ....
2023/12/30 15:17:14.622445 error [log.go:106 Errorf] error ....
2023/12/30 15:17:17.625160  info [log.go:98 Infof] info ....
2023/12/30 15:17:17.625160 warni [log.go:102 Warnf] warn ....
2023/12/30 15:17:17.625160 error [log.go:106 Errorf] error ....
2023/12/30 15:17:20.629022  info [log.go:98 Infof] info ....
2023/12/30 15:17:20.629022 warni [log.go:102 Warnf] warn ....
2023/12/30 15:17:20.629022 error [log.go:106 Errorf] error ....
2023/12/30 15:17:23.634462  info [log.go:98 Infof] info ....
2023/12/30 15:17:23.634462 warni [log.go:102 Warnf] warn ....
2023/12/30 15:17:23.634462 error [log.go:106 Errorf] error ....
2023/12/30 15:17:26.643676  info [log.go:98 Infof] info ....
2023/12/30 15:17:26.643676 warni [log.go:102 Warnf] warn ....
2023/12/30 15:17:26.643676 error [log.go:106 Errorf] error ....
2023/12/30 15:17:29.647637  info [log.go:98 Infof] info ....
2023/12/30 15:17:29.647637 warni [log.go:102 Warnf] warn ....
2023/12/30 15:17:29.647637 error [log.go:106 Errorf] error ....
2023/12/30 15:17:32.651458  info [log.go:98 Infof] info ....
2023/12/30 15:17:32.651458 warni [log.go:102 Warnf] warn ....
2023/12/30 15:17:32.651458 error [log.go:106 Errorf] error ....
2023/12/30 15:17:35.662773  info [log.go:98 Infof] info ....
2023/12/30 15:17:35.662773 warni [log.go:102 Warnf] warn ....
2023/12/30 15:17:35.662773 error [log.go:106 Errorf] error ....
2023/12/30 15:17:38.664590  info [log.go:98 Infof] info ....
2023/12/30 15:17:38.664749 warni [log.go:102 Warnf] warn ....
2023/12/30 15:17:38.664749 error [log.go:106 Errorf] error ....
2023/12/30 15:17:41.667570  info [log.go:98 Infof] info ....
2023/12/30 15:17:41.667570 warni [log.go:102 Warnf] warn ....
2023/12/30 15:17:41.667570 error [log.go:106 Errorf] error ....
2023/12/30 15:17:44.682356  info [log.go:98 Infof] info ....
2023/12/30 15:17:44.682356 warni [log.go:102 Warnf] warn ....
2023/12/30 15:17:44.682356 error [log.go:106 Errorf] error ....
2023/12/30 15:17:47.682727  info [log.go:98 Infof] info ....
2023/12/30 15:17:47.682848 warni [log.go:102 Warnf] warn ....
2023/12/30 15:17:47.682848 error [log.go:106 Errorf] error ....
2023/12/30 15:17:50.685831  info [log.go:98 Infof] info ....
2023/12/30 15:17:50.685831 warni [log.go:102 Warnf] warn ....
2023/12/30 15:17:50.685831 error [log.go:106 Errorf] error ....
2023/12/30 15:17:53.700826  info [log.go:98 Infof] info ....
2023/12/30 15:17:53.700826 warni [log.go:102 Warnf] warn ....
2023/12/30 15:17:53.700826 error [log.go:106 Errorf] error ....
2023/12/30 15:17:56.702047  info [log.go:98 Infof] info ....
2023/12/30 15:17:56.702244 warni [log.go:102 Warnf] warn ....
2023/12/30 15:17:56.702244 error [log.go:106 Errorf] error ....
2023/12/30 15:17:59.716215  info [log.go:98 Infof] info ....
2023/12/30 15:17:59.716215 warni [log.go:102 Warnf] warn ....
2023/12/30 15:17:59.716215 error [log.go:106 Errorf] error ....
2023/12/30 15:18:02.719740  info [log.go:98 Infof] info ....
2023/12/30 15:18:02.719740 warni [log.go:102 Warnf] warn ....
2023/12/30 15:18:02.719740 error [log.go:106 Errorf] error ....
2023/12/30 15:18:05.732066  info [log.go:98 Infof] info ....
2023/12/30 15:18:05.732161 warni [log.go:102 Warnf] warn ....
2023/12/30 15:18:05.732161 error [log.go:106 Errorf] error ....
2023/12/30 15:18:08.741301  info [log.go:98 Infof] info ....
2023/12/30 15:18:08.741301 warni [log.go:102 Warnf] warn ....
2023/12/30 15:18:08.741301 error [log.go:106 Errorf] error ....
2023/12/30 15:18:11.746020  info [log.go:98 Infof] info ....
2023/12/30 15:18:11.746020 warni [log.go:102 Warnf] warn ....
2023/12/30 15:18:11.746020 error [log.go:106 Errorf] error ....
2023/12/30 15:18:14.758103  info [log.go:98 Infof] info ....
2023/12/30 15:18:14.758103 warni [log.go:102 Warnf] warn ....
2023/12/30 15:18:14.758103 error [log.go:106 Errorf] error ....
2023/12/30 15:18:17.764974  info [log.go:98 Infof] info ....
2023/12/30 15:18:17.764974 warni [log.go:102 Warnf] warn ....
2023/12/30 15:18:17.764974 error [log.go:106 Errorf] error ....
2023/12/30 15:18:20.766882  info [log.go:98 Infof] info ....
2023/12/30 15:18:20.766882 warni [log.go:102 Warnf] warn ....
2023/12/30 15:18:20.766882 error [log.go:106 Errorf] error ....
2023/12/30 15:18:23.769159  info [log.go:98 Infof] info ....
2023/12/30 15:18:23.769268 warni [log.go:102 Warnf] warn ....
2023/12/30 15:18:23.769268 error [log.go:106 Errorf] error ....
2023/12/30 15:18:26.771112  info [log.go:98 Infof] info ....
2023/12/30 15:18:26.771112 warni [log.go:102 Warnf] warn ....
2023/12/30 15:18:26.771112 error [log.go:106 Errorf] error ....
2023/12/30 15:18:29.782287  info [log.go:98 Infof] info ....
2023/12/30 15:18:29.782287 warni [log.go:102 Warnf] warn ....
2023/12/30 15:18:29.782287 error [log.go:106 Errorf] error ....
2023/12/30 15:18:32.796928  info [log.go:98 Infof] info ....
2023/12/30 15:18:32.796928 warni [log.go:102 Warnf] warn ....
2023/12/30 15:18:32.796928 error [log.go:106 Errorf] error ....
2023/12/30 15:18:35.812014  info [log.go:98 Infof] info ....
2023/12/30 15:18:35.812014 warni [log.go:102 Warnf] warn ....
2023/12/30 15:18:35.812014 error [log.go:106 Errorf] error ....
2023/12/30 15:18:38.821665  info [log.go:98 Infof] info ....
2023/12/30 15:18:38.821796 warni [log.go:102 Warnf] warn ....
2023/12/30 15:18:38.821796 error [log.go:106 Errorf] error ....
2023/12/30 15:18:41.825077  info [log.go:98 Infof] info ....
2023/12/30 15:18:41.825319 warni [log.go:102 Warnf] warn ....
2023/12/30 15:18:41.825319 error [log.go:106 Errorf] error ....
2023/12/30 15:18:44.839216  info [log.go:98 Infof] info ....
2023/12/30 15:18:44.839216 warni [log.go:102 Warnf] warn ....
2023/12/30 15:18:44.839216 error [log.go:106 Errorf] error ....
2023/12/30 15:18:47.845204  info [log.go:98 Infof] info ....
2023/12/30 15:18:47.845204 warni [log.go:102 Warnf] warn ....
2023/12/30 15:18:47.845204 error [log.go:106 Errorf] error ....
2023/12/30 15:18:50.858351  info [log.go:98 Infof] info ....
2023/12/30 15:18:50.858351 warni [log.go:102 Warnf] warn ....
2023/12/30 15:18:50.858351 error [log.go:106 Errorf] error ....
2023/12/30 15:18:53.872321  info [log.go:98 Infof] info ....
2023/12/30 15:18:53.872321 warni [log.go:102 Warnf] warn ....
2023/12/30 15:18:53.872321 error [log.go:106 Errorf] error ....
2023/12/30 15:18:56.883483  info [log.go:98 Infof] info ....
2023/12/30 15:18:56.883591 warni [log.go:102 Warnf] warn ....
2023/12/30 15:18:56.883591 error [log.go:106 Errorf] error ....
2023/12/30 15:18:59.889308  info [log.go:98 Infof] info ....
2023/12/30 15:18:59.889308 warni [log.go:102 Warnf] warn ....
2023/12/30 15:18:59.889308 error [log.go:106 Errorf] error ....
2023/12/30 15:19:02.900152  info [log.go:98 Infof] info ....
2023/12/30 15:19:02.900368 warni [log.go:102 Warnf] warn ....
2023/12/30 15:19:02.900368 error [log.go:106 Errorf] error ....
2023/12/30 15:19:05.909899  info [log.go:98 Infof] info ....
2023/12/30 15:19:05.909899 warni [log.go:102 Warnf] warn ....
2023/12/30 15:19:05.909899 error [log.go:106 Errorf] error ....
2023/12/30 15:19:08.919390  info [log.go:98 Infof] info ....
2023/12/30 15:19:08.919390 warni [log.go:102 Warnf] warn ....
2023/12/30 15:19:08.919390 error [log.go:106 Errorf] error ....
2023/12/30 15:19:11.923874  info [log.go:98 Infof] info ....
2023/12/30 15:19:11.923874 warni [log.go:102 Warnf] warn ....
2023/12/30 15:19:11.923874 error [log.go:106 Errorf] error ....
2023/12/30 15:19:14.926621  info [log.go:98 Infof] info ....
2023/12/30 15:19:14.926773 warni [log.go:102 Warnf] warn ....
2023/12/30 15:19:14.926773 error [log.go:106 Errorf] error ....
2023/12/30 15:19:17.929936  info [log.go:98 Infof] info ....
2023/12/30 15:19:17.929936 warni [log.go:102 Warnf] warn ....
2023/12/30 15:19:17.929936 error [log.go:106 Errorf] error ....
2023/12/30 15:19:20.935793  info [log.go:98 Infof] info ....
2023/12/30 15:19:20.935793 warni [log.go:102 Warnf] warn ....
2023/12/30 15:19:20.935793 error [log.go:106 Errorf] error ....
2023/12/30 15:19:23.939881  info [log.go:98 Infof] info ....
2023/12/30 15:19:23.939881 warni [log.go:102 Warnf] warn ....
2023/12/30 15:19:23.939881 error [log.go:106 Errorf] error ....
2023/12/30 15:19:26.951743  info [log.go:98 Infof] info ....
2023/12/30 15:19:26.951934 warni [log.go:102 Warnf] warn ....
2023/12/30 15:19:26.951934 error [log.go:106 Errorf] error ....
2023/12/30 15:19:29.966774  info [log.go:98 Infof] info ....
2023/12/30 15:19:29.966774 warni [log.go:102 Warnf] warn ....
2023/12/30 15:19:29.966774 error [log.go:106 Errorf] error ....
2023/12/30 15:19:32.978849  info [log.go:98 Infof] info ....
2023/12/30 15:19:32.978849 warni [log.go:102 Warnf] warn ....
2023/12/30 15:19:32.978849 error [log.go:106 Errorf] error ....
2023/12/30 15:19:35.983956  info [log.go:98 Infof] info ....
2023/12/30 15:19:35.983956 warni [log.go:102 Warnf] warn ....
2023/12/30 15:19:35.983956 error [log.go:106 Errorf] error ....
2023/12/30 15:19:38.987048  info [log.go:98 Infof] info ....
2023/12/30 15:19:38.987048 warni [log.go:102 Warnf] warn ....
2023/12/30 15:19:38.987048 error [log.go:106 Errorf] error ....
2023/12/30 15:19:41.988305  info [log.go:98 Infof] info ....
2023/12/30 15:19:41.988305 warni [log.go:102 Warnf] warn ....
2023/12/30 15:19:41.988305 error [log.go:106 Errorf] error ....
2023/12/30 15:19:44.994775  info [log.go:98 Infof] info ....
2023/12/30 15:19:44.994775 warni [log.go:102 Warnf] warn ....
2023/12/30 15:19:44.994775 error [log.go:106 Errorf] error ....
2023/12/30 15:19:48.009478  info [log.go:98 Infof] info ....
2023/12/30 15:19:48.009642 warni [log.go:102 Warnf] warn ....
2023/12/30 15:19:48.009642 error [log.go:106 Errorf] error ....
2023/12/30 15:19:51.014860  info [log.go:98 Infof] info ....
2023/12/30 15:19:51.014860 warni [log.go:102 Warnf] warn ....
2023/12/30 15:19:51.014860 error [log.go:106 Errorf] error ....
2023/12/30 15:19:54.027581  info [log.go:98 Infof] info ....
2023/12/30 15:19:54.027581 warni [log.go:102 Warnf] warn ....
2023/12/30 15:19:54.027581 error [log.go:106 Errorf] error ....
2023/12/30 15:19:57.034710  info [log.go:98 Infof] info ....
2023/12/30 15:19:57.035017 warni [log.go:102 Warnf] warn ....
2023/12/30 15:19:57.035017 error [log.go:106 Errorf] error ....
2023/12/30 15:20:00.048707  info [log.go:98 Infof] info ....
2023/12/30 15:20:00.048707 warni [log.go:102 Warnf] warn ....
2023/12/30 15:20:00.048707 error [log.go:106 Errorf] error ....
2023/12/30 15:20:03.048965  info [log.go:98 Infof] info ....
2023/12/30 15:20:03.048965 warni [log.go:102 Warnf] warn ....
2023/12/30 15:20:03.048965 error [log.go:106 Errorf] error ....
2023/12/30 15:20:06.060991  info [log.go:98 Infof] info ....
2023/12/30 15:20:06.060991 warni [log.go:102 Warnf] warn ....
2023/12/30 15:20:06.060991 error [log.go:106 Errorf] error ....
2023/12/30 15:20:09.063575  info [log.go:98 Infof] info ....
2023/12/30 15:20:09.063715 warni [log.go:102 Warnf] warn ....
2023/12/30 15:20:09.063715 error [log.go:106 Errorf] error ....
2023/12/30 15:20:12.064231  info [log.go:98 Infof] info ....
2023/12/30 15:20:12.064231 warni [log.go:102 Warnf] warn ....
2023/12/30 15:20:12.064231 error [log.go:106 Errorf] error ....
2023/12/30 15:20:15.078945  info [log.go:98 Infof] info ....
2023/12/30 15:20:15.078945 warni [log.go:102 Warnf] warn ....
2023/12/30 15:20:15.078945 error [log.go:106 Errorf] error ....
2023/12/30 15:20:18.092756  info [log.go:98 Infof] info ....
2023/12/30 15:20:18.092961 warni [log.go:102 Warnf] warn ....
2023/12/30 15:20:18.092961 error [log.go:106 Errorf] error ....
2023/12/30 15:20:21.099628  info [log.go:98 Infof] info ....
2023/12/30 15:20:21.099628 warni [log.go:102 Warnf] warn ....
2023/12/30 15:20:21.099628 error [log.go:106 Errorf] error ....
2023/12/30 15:20:24.110921  info [log.go:98 Infof] info ....
2023/12/30 15:20:24.111049 warni [log.go:102 Warnf] warn ....
2023/12/30 15:20:24.111049 error [log.go:106 Errorf] error ....
2023/12/30 15:20:27.121094  info [log.go:98 Infof] info ....
2023/12/30 15:20:27.121094 warni [log.go:102 Warnf] warn ....
2023/12/30 15:20:27.121094 error [log.go:106 Errorf] error ....
2023/12/30 15:20:30.132985  info [log.go:98 Infof] info ....
2023/12/30 15:20:30.132985 warni [log.go:102 Warnf] warn ....
2023/12/30 15:20:30.132985 error [log.go:106 Errorf] error ....
2023/12/30 15:20:33.137854  info [log.go:98 Infof] info ....
2023/12/30 15:20:33.137854 warni [log.go:102 Warnf] warn ....
2023/12/30 15:20:33.137854 error [log.go:106 Errorf] error ....
2023/12/30 15:20:36.145893  info [log.go:98 Infof] info ....
2023/12/30 15:20:36.145893 warni [log.go:102 Warnf] warn ....
2023/12/30 15:20:36.145893 error [log.go:106 Errorf] error ....
2023/12/30 15:20:39.157455  info [log.go:98 Infof] info ....
2023/12/30 15:20:39.157455 warni [log.go:102 Warnf] warn ....
2023/12/30 15:20:39.157455 error [log.go:106 Errorf] error ....
2023/12/30 15:20:42.159208  info [log.go:98 Infof] info ....
2023/12/30 15:20:42.159208 warni [log.go:102 Warnf] warn ....
2023/12/30 15:20:42.159208 error [log.go:106 Errorf] error ....
2023/12/30 15:20:45.168432  info [log.go:98 Infof] info ....
2023/12/30 15:20:45.168432 warni [log.go:102 Warnf] warn ....
2023/12/30 15:20:45.168432 error [log.go:106 Errorf] error ....
2023/12/30 15:20:48.178992  info [log.go:98 Infof] info ....
2023/12/30 15:20:48.179162 warni [log.go:102 Warnf] warn ....
2023/12/30 15:20:48.179162 error [log.go:106 Errorf] error ....
2023/12/30 15:20:51.192343  info [log.go:98 Infof] info ....
2023/12/30 15:20:51.192343 warni [log.go:102 Warnf] warn ....
2023/12/30 15:20:51.192343 error [log.go:106 Errorf] error ....
2023/12/30 15:20:54.194321  info [log.go:98 Infof] info ....
2023/12/30 15:20:54.194469 warni [log.go:102 Warnf] warn ....
2023/12/30 15:20:54.194469 error [log.go:106 Errorf] error ....
2023/12/30 15:20:57.208676  info [log.go:98 Infof] info ....
2023/12/30 15:20:57.208834 warni [log.go:102 Warnf] warn ....
2023/12/30 15:20:57.208834 error [log.go:106 Errorf] error ....
2023/12/30 15:21:00.219657  info [log.go:98 Infof] info ....
2023/12/30 15:21:00.219657 warni [log.go:102 Warnf] warn ....
2023/12/30 15:21:00.219657 error [log.go:106 Errorf] error ....
2023/12/30 15:21:03.226183  info [log.go:98 Infof] info ....
2023/12/30 15:21:03.226183 warni [log.go:102 Warnf] warn ....
2023/12/30 15:21:03.226183 error [log.go:106 Errorf] error ....
2023/12/30 15:21:06.235255  info [log.go:98 Infof] info ....
2023/12/30 15:21:06.235340 warni [log.go:102 Warnf] warn ....
2023/12/30 15:21:06.235340 error [log.go:106 Errorf] error ....
2023/12/30 15:21:09.238664  info [log.go:98 Infof] info ....
2023/12/30 15:21:09.238664 warni [log.go:102 Warnf] warn ....
2023/12/30 15:21:09.238664 error [log.go:106 Errorf] error ....
2023/12/30 15:21:12.251959  info [log.go:98 Infof] info ....
2023/12/30 15:21:12.251959 warni [log.go:102 Warnf] warn ....
2023/12/30 15:21:12.251959 error [log.go:106 Errorf] error ....
2023/12/30 15:21:15.264676  info [log.go:98 Infof] info ....
2023/12/30 15:21:15.264777 warni [log.go:102 Warnf] warn ....
2023/12/30 15:21:15.264777 error [log.go:106 Errorf] error ....
2023/12/30 15:21:18.278049  info [log.go:98 Infof] info ....
2023/12/30 15:21:18.278049 warni [log.go:102 Warnf] warn ....
2023/12/30 15:21:18.278049 error [log.go:106 Errorf] error ....
2023/12/30 15:21:21.284091  info [log.go:98 Infof] info ....
2023/12/30 15:21:21.284091 warni [log.go:102 Warnf] warn ....
2023/12/30 15:21:21.284091 error [log.go:106 Errorf] error ....
2023/12/30 15:21:24.293612  info [log.go:98 Infof] info ....
2023/12/30 15:21:24.293685 warni [log.go:102 Warnf] warn ....
2023/12/30 15:21:24.293685 error [log.go:106 Errorf] error ....
2023/12/30 15:21:27.305889  info [log.go:98 Infof] info ....
2023/12/30 15:21:27.306075 warni [log.go:102 Warnf] warn ....
2023/12/30 15:21:27.306075 error [log.go:106 Errorf] error ....
2023/12/30 15:21:30.309950  info [log.go:98 Infof] info ....
2023/12/30 15:21:30.310155 warni [log.go:102 Warnf] warn ....
2023/12/30 15:21:30.310155 error [log.go:106 Errorf] error ....
2023/12/30 15:21:33.324361  info [log.go:98 Infof] info ....
2023/12/30 15:21:33.324500 warni [log.go:102 Warnf] warn ....
2023/12/30 15:21:33.324500 error [log.go:106 Errorf] error ....
2023/12/30 15:21:36.328395  info [log.go:98 Infof] info ....
2023/12/30 15:21:36.328395 warni [log.go:102 Warnf] warn ....
2023/12/30 15:21:36.328395 error [log.go:106 Errorf] error ....
2023/12/30 15:21:39.342991  info [log.go:98 Infof] info ....
2023/12/30 15:21:39.342991 warni [log.go:102 Warnf] warn ....
2023/12/30 15:21:39.342991 error [log.go:106 Errorf] error ....
2023/12/30 15:21:42.356043  info [log.go:98 Infof] info ....
2023/12/30 15:21:42.356043 warni [log.go:102 Warnf] warn ....
2023/12/30 15:21:42.356043 error [log.go:106 Errorf] error ....
2023/12/30 15:21:45.367039  info [log.go:98 Infof] info ....
2023/12/30 15:21:45.367039 warni [log.go:102 Warnf] warn ....
2023/12/30 15:21:45.367039 error [log.go:106 Errorf] error ....
2023/12/30 15:21:48.382465  info [log.go:98 Infof] info ....
2023/12/30 15:21:48.382465 warni [log.go:102 Warnf] warn ....
2023/12/30 15:21:48.382465 error [log.go:106 Errorf] error ....
2023/12/30 15:21:51.382504  info [log.go:98 Infof] info ....
2023/12/30 15:21:51.382504 warni [log.go:102 Warnf] warn ....
2023/12/30 15:21:51.382504 error [log.go:106 Errorf] error ....
2023/12/30 15:21:54.397088  info [log.go:98 Infof] info ....
2023/12/30 15:21:54.397088 warni [log.go:102 Warnf] warn ....
2023/12/30 15:21:54.397088 error [log.go:106 Errorf] error ....
2023/12/30 15:21:57.400494  info [log.go:98 Infof] info ....
2023/12/30 15:21:57.400494 warni [log.go:102 Warnf] warn ....
2023/12/30 15:21:57.400494 error [log.go:106 Errorf] error ....
2023/12/30 15:22:00.408012  info [log.go:98 Infof] info ....
2023/12/30 15:22:00.408158 warni [log.go:102 Warnf] warn ....
2023/12/30 15:22:00.408158 error [log.go:106 Errorf] error ....
2023/12/30 15:22:03.411397  info [log.go:98 Infof] info ....
2023/12/30 15:22:03.411491 warni [log.go:102 Warnf] warn ....
2023/12/30 15:22:03.411491 error [log.go:106 Errorf] error ....
2023/12/30 15:22:06.426965  info [log.go:98 Infof] info ....
2023/12/30 15:22:06.426965 warni [log.go:102 Warnf] warn ....
2023/12/30 15:22:06.426965 error [log.go:106 Errorf] error ....
2023/12/30 15:22:09.439526  info [log.go:98 Infof] info ....
2023/12/30 15:22:09.439694 warni [log.go:102 Warnf] warn ....
2023/12/30 15:22:09.439694 error [log.go:106 Errorf] error ....
2023/12/30 15:22:12.445026  info [log.go:98 Infof] info ....
2023/12/30 15:22:12.445153 warni [log.go:102 Warnf] warn ....
2023/12/30 15:22:12.445153 error [log.go:106 Errorf] error ....
2023/12/30 15:22:15.458792  info [log.go:98 Infof] info ....
2023/12/30 15:22:15.458792 warni [log.go:102 Warnf] warn ....
2023/12/30 15:22:15.458792 error [log.go:106 Errorf] error ....
2023/12/30 15:22:18.468430  info [log.go:98 Infof] info ....
2023/12/30 15:22:18.468503 warni [log.go:102 Warnf] warn ....
2023/12/30 15:22:18.468503 error [log.go:106 Errorf] error ....
2023/12/30 15:22:21.480542  info [log.go:98 Infof] info ....
2023/12/30 15:22:21.480542 warni [log.go:102 Warnf] warn ....
2023/12/30 15:22:21.480542 error [log.go:106 Errorf] error ....
2023/12/30 15:22:24.492128  info [log.go:98 Infof] info ....
2023/12/30 15:22:24.492360 warni [log.go:102 Warnf] warn ....
2023/12/30 15:22:24.492360 error [log.go:106 Errorf] error ....
2023/12/30 15:22:27.503335  info [log.go:98 Infof] info ....
2023/12/30 15:22:27.503335 warni [log.go:102 Warnf] warn ....
2023/12/30 15:22:27.503335 error [log.go:106 Errorf] error ....
2023/12/30 15:22:30.510081  info [log.go:98 Infof] info ....
2023/12/30 15:22:30.510081 warni [log.go:102 Warnf] warn ....
2023/12/30 15:22:30.510081 error [log.go:106 Errorf] error ....
2023/12/30 15:22:33.521388  info [log.go:98 Infof] info ....
2023/12/30 15:22:33.521388 warni [log.go:102 Warnf] warn ....
2023/12/30 15:22:33.521388 error [log.go:106 Errorf] error ....
2023/12/30 15:22:36.524173  info [log.go:98 Infof] info ....
2023/12/30 15:22:36.524173 warni [log.go:102 Warnf] warn ....
2023/12/30 15:22:36.524173 error [log.go:106 Errorf] error ....
2023/12/30 15:22:39.528412  info [log.go:98 Infof] info ....
2023/12/30 15:22:39.528412 warni [log.go:102 Warnf] warn ....
2023/12/30 15:22:39.528412 error [log.go:106 Errorf] error ....
2023/12/30 15:22:42.543255  info [log.go:98 Infof] info ....
2023/12/30 15:22:42.543444 warni [log.go:102 Warnf] warn ....
2023/12/30 15:22:42.543444 error [log.go:106 Errorf] error ....
2023/12/30 15:22:45.544321  info [log.go:98 Infof] info ....
2023/12/30 15:22:45.544321 warni [log.go:102 Warnf] warn ....
2023/12/30 15:22:45.544321 error [log.go:106 Errorf] error ....
2023/12/30 15:22:48.553067  info [log.go:98 Infof] info ....
2023/12/30 15:22:48.553067 warni [log.go:102 Warnf] warn ....
2023/12/30 15:22:48.553067 error [log.go:106 Errorf] error ....
2023/12/30 15:22:51.566278  info [log.go:98 Infof] info ....
2023/12/30 15:22:51.566278 warni [log.go:102 Warnf] warn ....
2023/12/30 15:22:51.566278 error [log.go:106 Errorf] error ....
2023/12/30 15:22:54.579458  info [log.go:98 Infof] info ....
2023/12/30 15:22:54.579458 warni [log.go:102 Warnf] warn ....
2023/12/30 15:22:54.579458 error [log.go:106 Errorf] error ....
2023/12/30 15:22:57.594389  info [log.go:98 Infof] info ....
2023/12/30 15:22:57.594572 warni [log.go:102 Warnf] warn ....
2023/12/30 15:22:57.594572 error [log.go:106 Errorf] error ....
2023/12/30 15:23:00.607037  info [log.go:98 Infof] info ....
2023/12/30 15:23:00.607037 warni [log.go:102 Warnf] warn ....
2023/12/30 15:23:00.607037 error [log.go:106 Errorf] error ....
2023/12/30 15:23:03.614140  info [log.go:98 Infof] info ....
2023/12/30 15:23:03.614140 warni [log.go:102 Warnf] warn ....
2023/12/30 15:23:03.614140 error [log.go:106 Errorf] error ....
2023/12/30 15:23:06.624076  info [log.go:98 Infof] info ....
2023/12/30 15:23:06.624076 warni [log.go:102 Warnf] warn ....
2023/12/30 15:23:06.624076 error [log.go:106 Errorf] error ....
2023/12/30 15:23:09.633180  info [log.go:98 Infof] info ....
2023/12/30 15:23:09.633180 warni [log.go:102 Warnf] warn ....
2023/12/30 15:23:09.633180 error [log.go:106 Errorf] error ....
2023/12/30 15:23:12.635785  info [log.go:98 Infof] info ....
2023/12/30 15:23:12.635785 warni [log.go:102 Warnf] warn ....
2023/12/30 15:23:12.635785 error [log.go:106 Errorf] error ....
2023/12/30 15:23:15.643772  info [log.go:98 Infof] info ....
2023/12/30 15:23:15.643772 warni [log.go:102 Warnf] warn ....
2023/12/30 15:23:15.643772 error [log.go:106 Errorf] error ....
2023/12/30 15:23:18.644418  info [log.go:98 Infof] info ....
2023/12/30 15:23:18.644604 warni [log.go:102 Warnf] warn ....
2023/12/30 15:23:18.644604 error [log.go:106 Errorf] error ....
2023/12/30 15:23:21.647018  info [log.go:98 Infof] info ....
2023/12/30 15:23:21.647018 warni [log.go:102 Warnf] warn ....
2023/12/30 15:23:21.647018 error [log.go:106 Errorf] error ....
2023/12/30 15:23:24.648567  info [log.go:98 Infof] info ....
2023/12/30 15:23:24.648567 warni [log.go:102 Warnf] warn ....
2023/12/30 15:23:24.648567 error [log.go:106 Errorf] error ....
2023/12/30 15:23:27.648722  info [log.go:98 Infof] info ....
2023/12/30 15:23:27.648722 warni [log.go:102 Warnf] warn ....
2023/12/30 15:23:27.648722 error [log.go:106 Errorf] error ....
2023/12/30 15:23:30.659467  info [log.go:98 Infof] info ....
2023/12/30 15:23:30.659467 warni [log.go:102 Warnf] warn ....
2023/12/30 15:23:30.659467 error [log.go:106 Errorf] error ....
2023/12/30 15:23:33.663866  info [log.go:98 Infof] info ....
2023/12/30 15:23:33.663866 warni [log.go:102 Warnf] warn ....
2023/12/30 15:23:33.663866 error [log.go:106 Errorf] error ....
2023/12/30 15:23:36.671525  info [log.go:98 Infof] info ....
2023/12/30 15:23:36.671798 warni [log.go:102 Warnf] warn ....
2023/12/30 15:23:36.671798 error [log.go:106 Errorf] error ....
2023/12/30 15:23:39.680740  info [log.go:98 Infof] info ....
2023/12/30 15:23:39.680828 warni [log.go:102 Warnf] warn ....
2023/12/30 15:23:39.680828 error [log.go:106 Errorf] error ....
2023/12/30 15:23:42.691789  info [log.go:98 Infof] info ....
2023/12/30 15:23:42.691789 warni [log.go:102 Warnf] warn ....
2023/12/30 15:23:42.691789 error [log.go:106 Errorf] error ....
2023/12/30 15:23:45.693429  info [log.go:98 Infof] info ....
2023/12/30 15:23:45.693429 warni [log.go:102 Warnf] warn ....
2023/12/30 15:23:45.693429 error [log.go:106 Errorf] error ....
2023/12/30 15:23:48.700000  info [log.go:98 Infof] info ....
2023/12/30 15:23:48.700099 warni [log.go:102 Warnf] warn ....
2023/12/30 15:23:48.700099 error [log.go:106 Errorf] error ....
2023/12/30 15:23:51.714280  info [log.go:98 Infof] info ....
2023/12/30 15:23:51.714280 warni [log.go:102 Warnf] warn ....
2023/12/30 15:23:51.714280 error [log.go:106 Errorf] error ....
2023/12/30 15:23:54.722598  info [log.go:98 Infof] info ....
2023/12/30 15:23:54.722598 warni [log.go:102 Warnf] warn ....
2023/12/30 15:23:54.722598 error [log.go:106 Errorf] error ....
2023/12/30 15:23:57.733819  info [log.go:98 Infof] info ....
2023/12/30 15:23:57.733819 warni [log.go:102 Warnf] warn ....
2023/12/30 15:23:57.733819 error [log.go:106 Errorf] error ....
2023/12/30 15:24:00.734056  info [log.go:98 Infof] info ....
2023/12/30 15:24:00.734056 warni [log.go:102 Warnf] warn ....
2023/12/30 15:24:00.734056 error [log.go:106 Errorf] error ....
2023/12/30 15:24:03.744312  info [log.go:98 Infof] info ....
2023/12/30 15:24:03.744312 warni [log.go:102 Warnf] warn ....
2023/12/30 15:24:03.744312 error [log.go:106 Errorf] error ....
2023/12/30 15:24:06.751471  info [log.go:98 Infof] info ....
2023/12/30 15:24:06.751681 warni [log.go:102 Warnf] warn ....
2023/12/30 15:24:06.751681 error [log.go:106 Errorf] error ....
2023/12/30 15:24:09.760121  info [log.go:98 Infof] info ....
2023/12/30 15:24:09.760121 warni [log.go:102 Warnf] warn ....
2023/12/30 15:24:09.760121 error [log.go:106 Errorf] error ....
2023/12/30 15:24:12.766610  info [log.go:98 Infof] info ....
2023/12/30 15:24:12.766610 warni [log.go:102 Warnf] warn ....
2023/12/30 15:24:12.766610 error [log.go:106 Errorf] error ....
2023/12/30 15:24:15.768800  info [log.go:98 Infof] info ....
2023/12/30 15:24:15.769047 warni [log.go:102 Warnf] warn ....
2023/12/30 15:24:15.769047 error [log.go:106 Errorf] error ....
2023/12/30 15:24:18.775373  info [log.go:98 Infof] info ....
2023/12/30 15:24:18.775373 warni [log.go:102 Warnf] warn ....
2023/12/30 15:24:18.775373 error [log.go:106 Errorf] error ....
2023/12/30 15:24:21.787799  info [log.go:98 Infof] info ....
2023/12/30 15:24:21.787799 warni [log.go:102 Warnf] warn ....
2023/12/30 15:24:21.787799 error [log.go:106 Errorf] error ....
2023/12/30 15:24:24.801007  info [log.go:98 Infof] info ....
2023/12/30 15:24:24.801170 warni [log.go:102 Warnf] warn ....
2023/12/30 15:24:24.801170 error [log.go:106 Errorf] error ....
2023/12/30 15:24:27.809755  info [log.go:98 Infof] info ....
2023/12/30 15:24:27.809939 warni [log.go:102 Warnf] warn ....
2023/12/30 15:24:27.809939 error [log.go:106 Errorf] error ....
2023/12/30 15:24:30.814104  info [log.go:98 Infof] info ....
2023/12/30 15:24:30.814104 warni [log.go:102 Warnf] warn ....
2023/12/30 15:24:30.814104 error [log.go:106 Errorf] error ....
2023/12/30 15:24:33.825800  info [log.go:98 Infof] info ....
2023/12/30 15:24:33.826010 warni [log.go:102 Warnf] warn ....
2023/12/30 15:24:33.826010 error [log.go:106 Errorf] error ....
2023/12/30 15:24:36.826492  info [log.go:98 Infof] info ....
2023/12/30 15:24:36.826621 warni [log.go:102 Warnf] warn ....
2023/12/30 15:24:36.826621 error [log.go:106 Errorf] error ....
2023/12/30 15:24:39.831467  info [log.go:98 Infof] info ....
2023/12/30 15:24:39.831467 warni [log.go:102 Warnf] warn ....
2023/12/30 15:24:39.831467 error [log.go:106 Errorf] error ....
2023/12/30 15:24:42.846053  info [log.go:98 Infof] info ....
2023/12/30 15:24:42.846162 warni [log.go:102 Warnf] warn ....
2023/12/30 15:24:42.846162 error [log.go:106 Errorf] error ....
2023/12/30 15:24:45.851534  info [log.go:98 Infof] info ....
2023/12/30 15:24:45.851642 warni [log.go:102 Warnf] warn ....
2023/12/30 15:24:45.851642 error [log.go:106 Errorf] error ....
2023/12/30 15:24:48.852386  info [log.go:98 Infof] info ....
2023/12/30 15:24:48.852587 warni [log.go:102 Warnf] warn ....
2023/12/30 15:24:48.852587 error [log.go:106 Errorf] error ....
2023/12/30 15:24:51.854908  info [log.go:98 Infof] info ....
2023/12/30 15:24:51.854908 warni [log.go:102 Warnf] warn ....
2023/12/30 15:24:51.854908 error [log.go:106 Errorf] error ....
2023/12/30 15:24:54.855062  info [log.go:98 Infof] info ....
2023/12/30 15:24:54.855062 warni [log.go:102 Warnf] warn ....
2023/12/30 15:24:54.855062 error [log.go:106 Errorf] error ....
2023/12/30 15:24:57.858655  info [log.go:98 Infof] info ....
2023/12/30 15:24:57.858801 warni [log.go:102 Warnf] warn ....
2023/12/30 15:24:57.858801 error [log.go:106 Errorf] error ....
2023/12/30 15:25:00.868561  info [log.go:98 Infof] info ....
2023/12/30 15:25:00.868561 warni [log.go:102 Warnf] warn ....
2023/12/30 15:25:00.868561 error [log.go:106 Errorf] error ....
2023/12/30 15:25:03.880913  info [log.go:98 Infof] info ....
2023/12/30 15:25:03.880913 warni [log.go:102 Warnf] warn ....
2023/12/30 15:25:03.880913 error [log.go:106 Errorf] error ....
2023/12/30 15:25:06.887321  info [log.go:98 Infof] info ....
2023/12/30 15:25:06.887321 warni [log.go:102 Warnf] warn ....
2023/12/30 15:25:06.887321 error [log.go:106 Errorf] error ....
2023/12/30 15:25:09.901156  info [log.go:98 Infof] info ....
2023/12/30 15:25:09.901156 warni [log.go:102 Warnf] warn ....
2023/12/30 15:25:09.901156 error [log.go:106 Errorf] error ....
2023/12/30 15:25:12.905103  info [log.go:98 Infof] info ....
2023/12/30 15:25:12.905103 warni [log.go:102 Warnf] warn ....
2023/12/30 15:25:12.905103 error [log.go:106 Errorf] error ....
2023/12/30 15:25:15.911204  info [log.go:98 Infof] info ....
2023/12/30 15:25:15.911204 warni [log.go:102 Warnf] warn ....
2023/12/30 15:25:15.911204 error [log.go:106 Errorf] error ....
2023/12/30 15:25:18.918736  info [log.go:98 Infof] info ....
2023/12/30 15:25:18.918736 warni [log.go:102 Warnf] warn ....
2023/12/30 15:25:18.918736 error [log.go:106 Errorf] error ....
2023/12/30 15:25:21.932140  info [log.go:98 Infof] info ....
2023/12/30 15:25:21.932265 warni [log.go:102 Warnf] warn ....
2023/12/30 15:25:21.932265 error [log.go:106 Errorf] error ....
2023/12/30 15:25:24.935587  info [log.go:98 Infof] info ....
2023/12/30 15:25:24.935587 warni [log.go:102 Warnf] warn ....
2023/12/30 15:25:24.935587 error [log.go:106 Errorf] error ....
2023/12/30 15:25:27.940743  info [log.go:98 Infof] info ....
2023/12/30 15:25:27.940743 warni [log.go:102 Warnf] warn ....
2023/12/30 15:25:27.940743 error [log.go:106 Errorf] error ....
2023/12/30 15:25:30.942574  info [log.go:98 Infof] info ....
2023/12/30 15:25:30.942574 warni [log.go:102 Warnf] warn ....
2023/12/30 15:25:30.942574 error [log.go:106 Errorf] error ....
2023/12/30 15:25:33.944141  info [log.go:98 Infof] info ....
2023/12/30 15:25:33.944141 warni [log.go:102 Warnf] warn ....
2023/12/30 15:25:33.944141 error [log.go:106 Errorf] error ....
2023/12/30 15:25:36.952602  info [log.go:98 Infof] info ....
2023/12/30 15:25:36.952602 warni [log.go:102 Warnf] warn ....
2023/12/30 15:25:36.952602 error [log.go:106 Errorf] error ....
2023/12/30 15:25:39.965581  info [log.go:98 Infof] info ....
2023/12/30 15:25:39.965581 warni [log.go:102 Warnf] warn ....
2023/12/30 15:25:39.965581 error [log.go:106 Errorf] error ....
2023/12/30 15:25:42.980037  info [log.go:98 Infof] info ....
2023/12/30 15:25:42.980037 warni [log.go:102 Warnf] warn ....
2023/12/30 15:25:42.980037 error [log.go:106 Errorf] error ....
2023/12/30 15:25:45.985871  info [log.go:98 Infof] info ....
2023/12/30 15:25:45.985871 warni [log.go:102 Warnf] warn ....
2023/12/30 15:25:45.985871 error [log.go:106 Errorf] error ....
2023/12/30 15:25:48.989883  info [log.go:98 Infof] info ....
2023/12/30 15:25:48.989883 warni [log.go:102 Warnf] warn ....
2023/12/30 15:25:48.989883 error [log.go:106 Errorf] error ....
2023/12/30 15:25:51.998242  info [log.go:98 Infof] info ....
2023/12/30 15:25:51.998242 warni [log.go:102 Warnf] warn ....
2023/12/30 15:25:51.998242 error [log.go:106 Errorf] error ....
2023/12/30 15:25:55.002843  info [log.go:98 Infof] info ....
2023/12/30 15:25:55.002843 warni [log.go:102 Warnf] warn ....
2023/12/30 15:25:55.002843 error [log.go:106 Errorf] error ....
2023/12/30 15:25:58.015921  info [log.go:98 Infof] info ....
2023/12/30 15:25:58.015921 warni [log.go:102 Warnf] warn ....
2023/12/30 15:25:58.015921 error [log.go:106 Errorf] error ....
2023/12/30 15:26:01.023461  info [log.go:98 Infof] info ....
2023/12/30 15:26:01.023461 warni [log.go:102 Warnf] warn ....
2023/12/30 15:26:01.023461 error [log.go:106 Errorf] error ....
2023/12/30 15:26:04.035658  info [log.go:98 Infof] info ....
2023/12/30 15:26:04.035658 warni [log.go:102 Warnf] warn ....
2023/12/30 15:26:04.035658 error [log.go:106 Errorf] error ....
2023/12/30 15:26:07.042448  info [log.go:98 Infof] info ....
2023/12/30 15:26:07.042448 warni [log.go:102 Warnf] warn ....
2023/12/30 15:26:07.042448 error [log.go:106 Errorf] error ....
2023/12/30 15:26:10.043161  info [log.go:98 Infof] info ....
2023/12/30 15:26:10.043161 warni [log.go:102 Warnf] warn ....
2023/12/30 15:26:10.043161 error [log.go:106 Errorf] error ....
2023/12/30 15:26:13.051234  info [log.go:98 Infof] info ....
2023/12/30 15:26:13.051234 warni [log.go:102 Warnf] warn ....
2023/12/30 15:26:13.051234 error [log.go:106 Errorf] error ....
2023/12/30 15:26:16.051861  info [log.go:98 Infof] info ....
2023/12/30 15:26:16.051861 warni [log.go:102 Warnf] warn ....
2023/12/30 15:26:16.051861 error [log.go:106 Errorf] error ....
2023/12/30 15:26:19.065892  info [log.go:98 Infof] info ....
2023/12/30 15:26:19.066105 warni [log.go:102 Warnf] warn ....
2023/12/30 15:26:19.066105 error [log.go:106 Errorf] error ....
2023/12/30 15:26:22.074791  info [log.go:98 Infof] info ....
2023/12/30 15:26:22.074791 warni [log.go:102 Warnf] warn ....
2023/12/30 15:26:22.074791 error [log.go:106 Errorf] error ....
2023/12/30 21:38:06.317248  info [log.go:121 Info] user is:jupiter
2023/12/30 21:38:06.319878  info [log.go:98 Infof] info ....
2023/12/30 21:38:06.319878 warni [log.go:102 Warnf] warn ....
2023/12/30 21:38:06.319878 error [log.go:106 Errorf] error ....
2023/12/30 21:38:06.322601  info [log.go:121 Info] add route POST/taurus/diagnoise/setLevel
2023/12/30 21:38:06.322601  info [log.go:121 Info] add route GET/taurus/diagnoise/status
2023/12/30 21:38:06.322601  info [log.go:121 Info] add route GET/taurus/diagnoise/version
2023/12/30 21:38:09.328039  info [log.go:98 Infof] info ....
2023/12/30 21:38:09.328039 warni [log.go:102 Warnf] warn ....
2023/12/30 21:38:09.328039 error [log.go:106 Errorf] error ....
2023/12/30 21:38:12.340651  info [log.go:98 Infof] info ....
2023/12/30 21:38:12.340651 warni [log.go:102 Warnf] warn ....
2023/12/30 21:38:12.340651 error [log.go:106 Errorf] error ....
2023/12/30 21:38:15.355577  info [log.go:98 Infof] info ....
2023/12/30 21:38:15.355861 warni [log.go:102 Warnf] warn ....
2023/12/30 21:38:15.355861 error [log.go:106 Errorf] error ....
2023/12/30 21:38:18.365116  info [log.go:98 Infof] info ....
2023/12/30 21:38:18.365288 warni [log.go:102 Warnf] warn ....
2023/12/30 21:38:18.365288 error [log.go:106 Errorf] error ....
2023/12/30 21:38:21.379028  info [log.go:98 Infof] info ....
2023/12/30 21:38:21.379028 warni [log.go:102 Warnf] warn ....
2023/12/30 21:38:21.379028 error [log.go:106 Errorf] error ....
2023/12/30 21:38:24.384255  info [log.go:98 Infof] info ....
2023/12/30 21:38:24.384255 warni [log.go:102 Warnf] warn ....
2023/12/30 21:38:24.384255 error [log.go:106 Errorf] error ....
2023/12/30 21:38:27.385280  info [log.go:98 Infof] info ....
2023/12/30 21:38:27.385280 warni [log.go:102 Warnf] warn ....
2023/12/30 21:38:27.385280 error [log.go:106 Errorf] error ....
2023/12/30 21:38:30.387455  info [log.go:98 Infof] info ....
2023/12/30 21:38:30.387455 warni [log.go:102 Warnf] warn ....
2023/12/30 21:38:30.387455 error [log.go:106 Errorf] error ....
2023/12/30 21:38:33.388588  info [log.go:98 Infof] info ....
2023/12/30 21:38:33.388824 warni [log.go:102 Warnf] warn ....
2023/12/30 21:38:33.388824 error [log.go:106 Errorf] error ....
2023/12/30 21:39:11.829616  info [log.go:121 Info] user is:jupiter
2023/12/30 21:39:37.231095  info [log.go:98 Infof] info ....
2023/12/30 21:39:37.231095 warni [log.go:102 Warnf] warn ....
2023/12/30 21:39:37.231095  info [log.go:121 Info] add route POST/taurus/diagnoise/setLevel
2023/12/30 21:39:37.231095 error [log.go:106 Errorf] error ....
2023/12/30 21:39:37.231095  info [log.go:121 Info] add route GET/taurus/diagnoise/status
2023/12/30 21:39:37.231626  info [log.go:121 Info] add route GET/taurus/diagnoise/version
2023/12/30 21:39:40.237957  info [log.go:98 Infof] info ....
2023/12/30 21:39:40.237957 warni [log.go:102 Warnf] warn ....
2023/12/30 21:39:40.237957 error [log.go:106 Errorf] error ....
2023/12/30 21:39:43.250283  info [log.go:98 Infof] info ....
2023/12/30 21:39:43.250283 warni [log.go:102 Warnf] warn ....
2023/12/30 21:39:43.250283 error [log.go:106 Errorf] error ....
2023/12/31 11:33:01.219605 panic [log.go:136 Panic] dial mysql dbdial nildial tcp 10.0.8.2:3306: i/o timeout10.0.8.2:3306taurus_mysql
2023/12/31 11:33:46.342629 panic [log.go:136 Panic] dial mysql dbdial nildial tcp 10.0.8.2:3306: i/o timeout10.0.8.2:3306taurus_mysql
2023/12/31 11:37:36.517126  info [log.go:121 Info] user is:jupiter
2023/12/31 11:37:36.518535  info [log.go:98 Infof] info ....
2023/12/31 11:37:36.518741 warni [log.go:102 Warnf] warn ....
2023/12/31 11:37:36.518741 error [log.go:106 Errorf] error ....
2023/12/31 11:37:36.520924  info [log.go:121 Info] add route POST/taurus/diagnoise/setLevel
2023/12/31 11:37:36.521461  info [log.go:121 Info] add route GET/taurus/diagnoise/status
2023/12/31 11:37:36.521461  info [log.go:121 Info] add route GET/taurus/diagnoise/version
2023/12/31 11:37:39.524550  info [log.go:98 Infof] info ....
2023/12/31 11:37:39.524550 warni [log.go:102 Warnf] warn ....
2023/12/31 11:37:39.524550 error [log.go:106 Errorf] error ....
2023/12/31 11:37:42.537349  info [log.go:98 Infof] info ....
2023/12/31 11:37:42.537349 warni [log.go:102 Warnf] warn ....
2023/12/31 11:37:42.537349 error [log.go:106 Errorf] error ....
2023/12/31 11:37:45.545787  info [log.go:98 Infof] info ....
2023/12/31 11:37:45.545787 warni [log.go:102 Warnf] warn ....
2023/12/31 11:37:45.545787 error [log.go:106 Errorf] error ....
2023/12/31 11:37:48.560847  info [log.go:98 Infof] info ....
2023/12/31 11:37:48.560847 warni [log.go:102 Warnf] warn ....
2023/12/31 11:37:48.560847 error [log.go:106 Errorf] error ....
2023/12/31 11:37:51.561742  info [log.go:98 Infof] info ....
2023/12/31 11:37:51.561742 warni [log.go:102 Warnf] warn ....
2023/12/31 11:37:51.561742 error [log.go:106 Errorf] error ....
